2022-02-02 09:57:51,003 flask INFO Content-Length: 0

User-Agent: PostmanRuntime/7.26.8

Accept: */*

Cache-Control: no-cache

Postman-Token: 0a09e9cf-29ca-4b3a-b076-811df6d6b874

Host: localhost:5000

Accept-Encoding: gzip, deflate, br

Connection: keep-alive




2022-02-02 09:57:51,003 flask INFO Content-Length: 0

User-Agent: PostmanRuntime/7.26.8

Accept: */*

Cache-Control: no-cache

Postman-Token: 0a09e9cf-29ca-4b3a-b076-811df6d6b874

Host: localhost:5000

Accept-Encoding: gzip, deflate, br

Connection: keep-alive




2022-02-02 09:57:51,003 flask INFO Content-Length: 0

User-Agent: PostmanRuntime/7.26.8

Accept: */*

Cache-Control: no-cache

Postman-Token: 0a09e9cf-29ca-4b3a-b076-811df6d6b874

Host: localhost:5000

Accept-Encoding: gzip, deflate, br

Connection: keep-alive




2022-02-02 09:57:51,003 flask INFO Content-Length: 0

User-Agent: PostmanRuntime/7.26.8

Accept: */*

Cache-Control: no-cache

Postman-Token: 0a09e9cf-29ca-4b3a-b076-811df6d6b874

Host: localhost:5000

Accept-Encoding: gzip, deflate, br

Connection: keep-alive




2022-02-02 09:57:51,003 flask INFO Content-Length: 0

User-Agent: PostmanRuntime/7.26.8

Accept: */*

Cache-Control: no-cache

Postman-Token: 0a09e9cf-29ca-4b3a-b076-811df6d6b874

Host: localhost:5000

Accept-Encoding: gzip, deflate, br

Connection: keep-alive




2022-02-02 09:57:51,003 flask INFO Content-Length: 0

User-Agent: PostmanRuntime/7.26.8

Accept: */*

Cache-Control: no-cache

Postman-Token: 0a09e9cf-29ca-4b3a-b076-811df6d6b874

Host: localhost:5000

Accept-Encoding: gzip, deflate, br

Connection: keep-alive




2022-02-02 09:57:51,005 flask INFO b''
2022-02-02 09:57:51,005 flask INFO b''
2022-02-02 09:57:51,005 flask INFO b''
2022-02-02 09:57:51,005 flask INFO b''
2022-02-02 09:57:51,005 flask INFO b''
2022-02-02 09:57:51,005 flask INFO b''
2022-02-02 09:57:51,006 flask INFO 

2022-02-02 09:57:51,006 flask INFO 

2022-02-02 09:57:51,006 flask INFO 

2022-02-02 09:57:51,006 flask INFO 

2022-02-02 09:57:51,006 flask INFO 

2022-02-02 09:57:51,006 flask INFO 

2022-02-02 09:57:51,007 flask INFO 收到预测请求

2022-02-02 09:57:51,007 flask INFO 收到预测请求

2022-02-02 09:57:51,007 flask INFO 收到预测请求

2022-02-02 09:57:51,007 flask INFO 收到预测请求

2022-02-02 09:57:51,007 flask INFO 收到预测请求

2022-02-02 09:57:51,007 flask INFO 收到预测请求

2022-02-02 09:57:52,191 flask INFO 预测结果为：
2022-02-02 09:57:52,191 flask INFO 预测结果为：
2022-02-02 09:57:52,191 flask INFO 预测结果为：
2022-02-02 09:57:52,191 flask INFO 预测结果为：
2022-02-02 09:57:52,191 flask INFO 预测结果为：
2022-02-02 09:57:52,191 flask INFO 预测结果为：
2022-02-02 09:57:52,192 flask INFO 1
2022-02-02 09:57:52,192 flask INFO 1
2022-02-02 09:57:52,192 flask INFO 1
2022-02-02 09:57:52,192 flask INFO 1
2022-02-02 09:57:52,192 flask INFO 1
2022-02-02 09:57:52,192 flask INFO 1
2022-02-02 09:57:52,193 flask INFO 

2022-02-02 09:57:52,193 flask INFO 

2022-02-02 09:57:52,193 flask INFO 

2022-02-02 09:57:52,193 flask INFO 

2022-02-02 09:57:52,193 flask INFO 

2022-02-02 09:57:52,193 flask INFO 

2022-02-02 09:57:52,194 flask INFO 127.0.0.1 - - [2022-02-02 09:57:52] "POST /predict?testData=[9856,-13888,-2292,-904,-136,-170],[9764,-13860,-2212,-602,-403,-35],[9696,-14000,-2020,-644,-184,18],[10020,-13732,-2276,-575,-418,-42],[9844,-13880,-2096,-733,-397,24],[9672,-13664,-2480,-535,-538,97],[10004,-13744,-1988,-547,-557,30],[9832,-13976,-2088,-569,-368,35],[9900,-13752,-2468,-693,-304,-5],[9888,-13820,-2136,-812,-144,-123],[9824,-13808,-2144,-732,-289,-97],[9976,-13736,-2204,-593,-549,-19],[9800,-13844,-2260,-637,-379,-51],[9844,-13784,-2364,-779,-197,-76],[10144,-13896,-1304,-1284,-322,-307],[10440,-13508,-2556,-782,-810,212],[10416,-13632,-2100,-920,-53,716],[8920,-15040,-1584,-1904,-1032,-154],[9200,-20092,-1880,5932,4424,-770],[9976,-9788,3164,-4475,-4214,-466],[7552,-12664,2012,-1211,1230,746],[7108,-12408,-2116,3930,7486,-10610],[1992,-18104,-15904,-12075,17467,26704],[-4432,2652,-14868,2830,7552,-2128],[8680,356,-16472,256,6366,-2773],[6188,-1808,-17052,-467,-1037,-357],[5632,-684,-16896,-794,399,299],[5684,-940,-16556,-784,620,116],[5404,-1144,-16788,-954,-716,53],[5720,-948,-16508,-713,-819,27],[5664,-664,-16752,-757,-409,70],[5564,-696,-16752,-783,-323,131] HTTP/1.1" 200 136 1.190736
2022-02-02 09:57:52,194 flask INFO 127.0.0.1 - - [2022-02-02 09:57:52] "POST /predict?testData=[9856,-13888,-2292,-904,-136,-170],[9764,-13860,-2212,-602,-403,-35],[9696,-14000,-2020,-644,-184,18],[10020,-13732,-2276,-575,-418,-42],[9844,-13880,-2096,-733,-397,24],[9672,-13664,-2480,-535,-538,97],[10004,-13744,-1988,-547,-557,30],[9832,-13976,-2088,-569,-368,35],[9900,-13752,-2468,-693,-304,-5],[9888,-13820,-2136,-812,-144,-123],[9824,-13808,-2144,-732,-289,-97],[9976,-13736,-2204,-593,-549,-19],[9800,-13844,-2260,-637,-379,-51],[9844,-13784,-2364,-779,-197,-76],[10144,-13896,-1304,-1284,-322,-307],[10440,-13508,-2556,-782,-810,212],[10416,-13632,-2100,-920,-53,716],[8920,-15040,-1584,-1904,-1032,-154],[9200,-20092,-1880,5932,4424,-770],[9976,-9788,3164,-4475,-4214,-466],[7552,-12664,2012,-1211,1230,746],[7108,-12408,-2116,3930,7486,-10610],[1992,-18104,-15904,-12075,17467,26704],[-4432,2652,-14868,2830,7552,-2128],[8680,356,-16472,256,6366,-2773],[6188,-1808,-17052,-467,-1037,-357],[5632,-684,-16896,-794,399,299],[5684,-940,-16556,-784,620,116],[5404,-1144,-16788,-954,-716,53],[5720,-948,-16508,-713,-819,27],[5664,-664,-16752,-757,-409,70],[5564,-696,-16752,-783,-323,131] HTTP/1.1" 200 136 1.190736
2022-02-02 09:57:52,194 flask INFO 127.0.0.1 - - [2022-02-02 09:57:52] "POST /predict?testData=[9856,-13888,-2292,-904,-136,-170],[9764,-13860,-2212,-602,-403,-35],[9696,-14000,-2020,-644,-184,18],[10020,-13732,-2276,-575,-418,-42],[9844,-13880,-2096,-733,-397,24],[9672,-13664,-2480,-535,-538,97],[10004,-13744,-1988,-547,-557,30],[9832,-13976,-2088,-569,-368,35],[9900,-13752,-2468,-693,-304,-5],[9888,-13820,-2136,-812,-144,-123],[9824,-13808,-2144,-732,-289,-97],[9976,-13736,-2204,-593,-549,-19],[9800,-13844,-2260,-637,-379,-51],[9844,-13784,-2364,-779,-197,-76],[10144,-13896,-1304,-1284,-322,-307],[10440,-13508,-2556,-782,-810,212],[10416,-13632,-2100,-920,-53,716],[8920,-15040,-1584,-1904,-1032,-154],[9200,-20092,-1880,5932,4424,-770],[9976,-9788,3164,-4475,-4214,-466],[7552,-12664,2012,-1211,1230,746],[7108,-12408,-2116,3930,7486,-10610],[1992,-18104,-15904,-12075,17467,26704],[-4432,2652,-14868,2830,7552,-2128],[8680,356,-16472,256,6366,-2773],[6188,-1808,-17052,-467,-1037,-357],[5632,-684,-16896,-794,399,299],[5684,-940,-16556,-784,620,116],[5404,-1144,-16788,-954,-716,53],[5720,-948,-16508,-713,-819,27],[5664,-664,-16752,-757,-409,70],[5564,-696,-16752,-783,-323,131] HTTP/1.1" 200 136 1.190736
2022-02-02 09:57:52,194 flask INFO 127.0.0.1 - - [2022-02-02 09:57:52] "POST /predict?testData=[9856,-13888,-2292,-904,-136,-170],[9764,-13860,-2212,-602,-403,-35],[9696,-14000,-2020,-644,-184,18],[10020,-13732,-2276,-575,-418,-42],[9844,-13880,-2096,-733,-397,24],[9672,-13664,-2480,-535,-538,97],[10004,-13744,-1988,-547,-557,30],[9832,-13976,-2088,-569,-368,35],[9900,-13752,-2468,-693,-304,-5],[9888,-13820,-2136,-812,-144,-123],[9824,-13808,-2144,-732,-289,-97],[9976,-13736,-2204,-593,-549,-19],[9800,-13844,-2260,-637,-379,-51],[9844,-13784,-2364,-779,-197,-76],[10144,-13896,-1304,-1284,-322,-307],[10440,-13508,-2556,-782,-810,212],[10416,-13632,-2100,-920,-53,716],[8920,-15040,-1584,-1904,-1032,-154],[9200,-20092,-1880,5932,4424,-770],[9976,-9788,3164,-4475,-4214,-466],[7552,-12664,2012,-1211,1230,746],[7108,-12408,-2116,3930,7486,-10610],[1992,-18104,-15904,-12075,17467,26704],[-4432,2652,-14868,2830,7552,-2128],[8680,356,-16472,256,6366,-2773],[6188,-1808,-17052,-467,-1037,-357],[5632,-684,-16896,-794,399,299],[5684,-940,-16556,-784,620,116],[5404,-1144,-16788,-954,-716,53],[5720,-948,-16508,-713,-819,27],[5664,-664,-16752,-757,-409,70],[5564,-696,-16752,-783,-323,131] HTTP/1.1" 200 136 1.190736
2022-02-02 09:57:52,194 flask INFO 127.0.0.1 - - [2022-02-02 09:57:52] "POST /predict?testData=[9856,-13888,-2292,-904,-136,-170],[9764,-13860,-2212,-602,-403,-35],[9696,-14000,-2020,-644,-184,18],[10020,-13732,-2276,-575,-418,-42],[9844,-13880,-2096,-733,-397,24],[9672,-13664,-2480,-535,-538,97],[10004,-13744,-1988,-547,-557,30],[9832,-13976,-2088,-569,-368,35],[9900,-13752,-2468,-693,-304,-5],[9888,-13820,-2136,-812,-144,-123],[9824,-13808,-2144,-732,-289,-97],[9976,-13736,-2204,-593,-549,-19],[9800,-13844,-2260,-637,-379,-51],[9844,-13784,-2364,-779,-197,-76],[10144,-13896,-1304,-1284,-322,-307],[10440,-13508,-2556,-782,-810,212],[10416,-13632,-2100,-920,-53,716],[8920,-15040,-1584,-1904,-1032,-154],[9200,-20092,-1880,5932,4424,-770],[9976,-9788,3164,-4475,-4214,-466],[7552,-12664,2012,-1211,1230,746],[7108,-12408,-2116,3930,7486,-10610],[1992,-18104,-15904,-12075,17467,26704],[-4432,2652,-14868,2830,7552,-2128],[8680,356,-16472,256,6366,-2773],[6188,-1808,-17052,-467,-1037,-357],[5632,-684,-16896,-794,399,299],[5684,-940,-16556,-784,620,116],[5404,-1144,-16788,-954,-716,53],[5720,-948,-16508,-713,-819,27],[5664,-664,-16752,-757,-409,70],[5564,-696,-16752,-783,-323,131] HTTP/1.1" 200 136 1.190736
2022-02-02 09:57:52,194 flask INFO 127.0.0.1 - - [2022-02-02 09:57:52] "POST /predict?testData=[9856,-13888,-2292,-904,-136,-170],[9764,-13860,-2212,-602,-403,-35],[9696,-14000,-2020,-644,-184,18],[10020,-13732,-2276,-575,-418,-42],[9844,-13880,-2096,-733,-397,24],[9672,-13664,-2480,-535,-538,97],[10004,-13744,-1988,-547,-557,30],[9832,-13976,-2088,-569,-368,35],[9900,-13752,-2468,-693,-304,-5],[9888,-13820,-2136,-812,-144,-123],[9824,-13808,-2144,-732,-289,-97],[9976,-13736,-2204,-593,-549,-19],[9800,-13844,-2260,-637,-379,-51],[9844,-13784,-2364,-779,-197,-76],[10144,-13896,-1304,-1284,-322,-307],[10440,-13508,-2556,-782,-810,212],[10416,-13632,-2100,-920,-53,716],[8920,-15040,-1584,-1904,-1032,-154],[9200,-20092,-1880,5932,4424,-770],[9976,-9788,3164,-4475,-4214,-466],[7552,-12664,2012,-1211,1230,746],[7108,-12408,-2116,3930,7486,-10610],[1992,-18104,-15904,-12075,17467,26704],[-4432,2652,-14868,2830,7552,-2128],[8680,356,-16472,256,6366,-2773],[6188,-1808,-17052,-467,-1037,-357],[5632,-684,-16896,-794,399,299],[5684,-940,-16556,-784,620,116],[5404,-1144,-16788,-954,-716,53],[5720,-948,-16508,-713,-819,27],[5664,-664,-16752,-757,-409,70],[5564,-696,-16752,-783,-323,131] HTTP/1.1" 200 136 1.190736
2022-03-25 20:11:22,676 flask INFO 127.0.0.1 - - [2022-03-25 20:11:22] "GET / HTTP/1.1" 200 153 0.000000
2022-03-25 20:11:23,054 flask INFO 127.0.0.1 - - [2022-03-25 20:11:23] "GET /favicon.ico HTTP/1.1" 404 356 0.000000
2022-03-25 20:11:35,051 flask INFO 127.0.0.1 - - [2022-03-25 20:11:35] "GET /?1 HTTP/1.1" 200 153 0.000662
2022-03-25 21:42:12,429 flask INFO 127.0.0.1 - - [2022-03-25 21:42:12] "GET / HTTP/1.1" 200 153 0.000998
2022-03-25 21:42:13,090 flask INFO 127.0.0.1 - - [2022-03-25 21:42:13] "GET /favicon.ico HTTP/1.1" 404 356 0.000000
2022-04-14 21:27:44,095 flask INFO 
 测试连接成功！ 

2022-04-14 21:27:44,126 flask INFO b''
2022-04-14 21:27:44,127 flask INFO 127.0.0.1 - - [2022-04-14 21:27:44] "GET / HTTP/1.1" 200 153 0.032245
2022-04-14 21:27:44,491 flask INFO 127.0.0.1 - - [2022-04-14 21:27:44] "GET /favicon.ico HTTP/1.1" 404 356 0.000998
2022-04-14 21:27:58,515 flask INFO 
 测试连接成功！ 

2022-04-14 21:27:58,515 flask INFO b''
2022-04-14 21:27:58,515 flask INFO 127.0.0.1 - - [2022-04-14 21:27:58] "GET /?helloWorld HTTP/1.1" 200 153 0.000999
2022-04-14 21:29:07,892 flask INFO 
 测试连接成功！ 

2022-04-14 21:29:07,892 flask INFO 127.0.0.1 - - [2022-04-14 21:29:07] "GET /?helloWorld HTTP/1.1" 200 153 0.001374
2022-04-14 21:34:52,262 flask INFO 
 测试连接成功！ 

2022-04-14 21:34:52,263 flask INFO 127.0.0.1 - - [2022-04-14 21:34:52] "GET /?helloWorld HTTP/1.1" 200 153 0.000980
2022-04-14 21:38:30,700 flask INFO 127.0.0.1 - - [2022-04-14 21:38:30] "GET / HTTP/1.1" 200 153 0.000000
2022-04-14 21:38:31,071 flask INFO 127.0.0.1 - - [2022-04-14 21:38:31] "GET /favicon.ico HTTP/1.1" 404 356 0.000554
2022-04-14 21:38:52,059 flask INFO 127.0.0.1 - - [2022-04-14 21:38:52] "GET /predict/testData=[9856,-13888,-2292,-904,-136,-170],[9764,-13860,-2212,-602,-403,-35],[9696,-14000,-2020,-644,-184,18],[10020,-13732,-2276,-575,-418,-42],[9844,-13880,-2096,-733,-397,24],[9672,-13664,-2480,-535,-538,97],[10004,-13744,-1988,-547,-557,30],[9832,-13976,-2088,-569,-368,35],[9900,-13752,-2468,-693,-304,-5],[9888,-13820,-2136,-812,-144,-123],[9824,-13808,-2144,-732,-289,-97],[9976,-13736,-2204,-593,-549,-19],[9800,-13844,-2260,-637,-379,-51],[9844,-13784,-2364,-779,-197,-76],[10144,-13896,-1304,-1284,-322,-307],[10440,-13508,-2556,-782,-810,212],[10416,-13632,-2100,-920,-53,716],[8920,-15040,-1584,-1904,-1032,-154],[9200,-20092,-1880,5932,4424,-770],[9976,-9788,3164,-4475,-4214,-466],[7552,-12664,2012,-1211,1230,746],[7108,-12408,-2116,3930,7486,-10610],[1992,-18104,-15904,-12075,17467,26704],[-4432,2652,-14868,2830,7552,-2128],[8680,356,-16472,256,6366,-2773],[6188,-1808,-17052,-467,-1037,-357],[5632,-684,-16896,-794,399,299],[5684,-940,-16556,-784,620,116],[5404,-1144,-16788,-954,-716,53],[5720,-948,-16508,-713,-819,27],[5664,-664,-16752,-757,-409,70],[5564,-696,-16752,-783,-323,131] HTTP/1.1" 500 161 0.003608
2022-04-14 21:39:00,954 flask INFO 127.0.0.1 - - [2022-04-14 21:39:00] "GET /predict?testData=[9856,-13888,-2292,-904,-136,-170],[9764,-13860,-2212,-602,-403,-35],[9696,-14000,-2020,-644,-184,18],[10020,-13732,-2276,-575,-418,-42],[9844,-13880,-2096,-733,-397,24],[9672,-13664,-2480,-535,-538,97],[10004,-13744,-1988,-547,-557,30],[9832,-13976,-2088,-569,-368,35],[9900,-13752,-2468,-693,-304,-5],[9888,-13820,-2136,-812,-144,-123],[9824,-13808,-2144,-732,-289,-97],[9976,-13736,-2204,-593,-549,-19],[9800,-13844,-2260,-637,-379,-51],[9844,-13784,-2364,-779,-197,-76],[10144,-13896,-1304,-1284,-322,-307],[10440,-13508,-2556,-782,-810,212],[10416,-13632,-2100,-920,-53,716],[8920,-15040,-1584,-1904,-1032,-154],[9200,-20092,-1880,5932,4424,-770],[9976,-9788,3164,-4475,-4214,-466],[7552,-12664,2012,-1211,1230,746],[7108,-12408,-2116,3930,7486,-10610],[1992,-18104,-15904,-12075,17467,26704],[-4432,2652,-14868,2830,7552,-2128],[8680,356,-16472,256,6366,-2773],[6188,-1808,-17052,-467,-1037,-357],[5632,-684,-16896,-794,399,299],[5684,-940,-16556,-784,620,116],[5404,-1144,-16788,-954,-716,53],[5720,-948,-16508,-713,-819,27],[5664,-664,-16752,-757,-409,70],[5564,-696,-16752,-783,-323,131] HTTP/1.1" 500 161 0.000885
2022-04-14 21:39:43,456 flask INFO 127.0.0.1 - - [2022-04-14 21:39:43] "GET /predict?testData=[9856,-13888,-2292,-904,-136,-170],[9764,-13860,-2212,-602,-403,-35],[9696,-14000,-2020,-644,-184,18],[10020,-13732,-2276,-575,-418,-42],[9844,-13880,-2096,-733,-397,24],[9672,-13664,-2480,-535,-538,97],[10004,-13744,-1988,-547,-557,30],[9832,-13976,-2088,-569,-368,35],[9900,-13752,-2468,-693,-304,-5],[9888,-13820,-2136,-812,-144,-123],[9824,-13808,-2144,-732,-289,-97],[9976,-13736,-2204,-593,-549,-19],[9800,-13844,-2260,-637,-379,-51],[9844,-13784,-2364,-779,-197,-76],[10144,-13896,-1304,-1284,-322,-307],[10440,-13508,-2556,-782,-810,212],[10416,-13632,-2100,-920,-53,716],[8920,-15040,-1584,-1904,-1032,-154],[9200,-20092,-1880,5932,4424,-770],[9976,-9788,3164,-4475,-4214,-466],[7552,-12664,2012,-1211,1230,746],[7108,-12408,-2116,3930,7486,-10610],[1992,-18104,-15904,-12075,17467,26704],[-4432,2652,-14868,2830,7552,-2128],[8680,356,-16472,256,6366,-2773],[6188,-1808,-17052,-467,-1037,-357],[5632,-684,-16896,-794,399,299],[5684,-940,-16556,-784,620,116],[5404,-1144,-16788,-954,-716,53],[5720,-948,-16508,-713,-819,27],[5664,-664,-16752,-757,-409,70],[5564,-696,-16752,-783,-323,131] HTTP/1.1" 500 161 0.000997
2022-04-14 21:40:54,673 flask INFO 127.0.0.1 - - [2022-04-14 21:40:54] "GET /predict?testData=[9856,-13888,-2292,-904,-136,-170],[9764,-13860,-2212,-602,-403,-35],[9696,-14000,-2020,-644,-184,18],[10020,-13732,-2276,-575,-418,-42],[9844,-13880,-2096,-733,-397,24],[9672,-13664,-2480,-535,-538,97],[10004,-13744,-1988,-547,-557,30],[9832,-13976,-2088,-569,-368,35],[9900,-13752,-2468,-693,-304,-5],[9888,-13820,-2136,-812,-144,-123],[9824,-13808,-2144,-732,-289,-97],[9976,-13736,-2204,-593,-549,-19],[9800,-13844,-2260,-637,-379,-51],[9844,-13784,-2364,-779,-197,-76],[10144,-13896,-1304,-1284,-322,-307],[10440,-13508,-2556,-782,-810,212],[10416,-13632,-2100,-920,-53,716],[8920,-15040,-1584,-1904,-1032,-154],[9200,-20092,-1880,5932,4424,-770],[9976,-9788,3164,-4475,-4214,-466],[7552,-12664,2012,-1211,1230,746],[7108,-12408,-2116,3930,7486,-10610],[1992,-18104,-15904,-12075,17467,26704],[-4432,2652,-14868,2830,7552,-2128],[8680,356,-16472,256,6366,-2773],[6188,-1808,-17052,-467,-1037,-357],[5632,-684,-16896,-794,399,299],[5684,-940,-16556,-784,620,116],[5404,-1144,-16788,-954,-716,53],[5720,-948,-16508,-713,-819,27],[5664,-664,-16752,-757,-409,70],[5564,-696,-16752,-783,-323,131] HTTP/1.1" 500 161 0.002525
2022-04-14 21:41:07,274 flask INFO 127.0.0.1 - - [2022-04-14 21:41:07] "GET /predict?testData=[9856,-13888,-2292,-904,-136,-170],[9764,-13860,-2212,-602,-403,-35],[9696,-14000,-2020,-644,-184,18],[10020,-13732,-2276,-575,-418,-42],[9844,-13880,-2096,-733,-397,24],[9672,-13664,-2480,-535,-538,97],[10004,-13744,-1988,-547,-557,30],[9832,-13976,-2088,-569,-368,35],[9900,-13752,-2468,-693,-304,-5],[9888,-13820,-2136,-812,-144,-123],[9824,-13808,-2144,-732,-289,-97],[9976,-13736,-2204,-593,-549,-19],[9800,-13844,-2260,-637,-379,-51],[9844,-13784,-2364,-779,-197,-76],[10144,-13896,-1304,-1284,-322,-307],[10440,-13508,-2556,-782,-810,212],[10416,-13632,-2100,-920,-53,716],[8920,-15040,-1584,-1904,-1032,-154],[9200,-20092,-1880,5932,4424,-770],[9976,-9788,3164,-4475,-4214,-466],[7552,-12664,2012,-1211,1230,746],[7108,-12408,-2116,3930,7486,-10610],[1992,-18104,-15904,-12075,17467,26704],[-4432,2652,-14868,2830,7552,-2128],[8680,356,-16472,256,6366,-2773],[6188,-1808,-17052,-467,-1037,-357],[5632,-684,-16896,-794,399,299],[5684,-940,-16556,-784,620,116],[5404,-1144,-16788,-954,-716,53],[5720,-948,-16508,-713,-819,27],[5664,-664,-16752,-757,-409,70],[5564,-696,-16752,-783,-323,131] HTTP/1.1" 500 161 0.003472
2022-04-14 21:42:20,297 flask INFO 127.0.0.1 - - [2022-04-14 21:42:20] "GET / HTTP/1.1" 200 153 0.000000
2022-04-14 21:42:23,600 flask INFO 127.0.0.1 - - [2022-04-14 21:42:23] "GET /predict HTTP/1.1" 500 161 0.002992
2022-04-14 21:42:28,376 flask INFO 127.0.0.1 - - [2022-04-14 21:42:28] "GET /predict?/predict?testData=[9856,-13888,-2292,-904,-136,-170],[9764,-13860,-2212,-602,-403,-35],[9696,-14000,-2020,-644,-184,18],[10020,-13732,-2276,-575,-418,-42],[9844,-13880,-2096,-733,-397,24],[9672,-13664,-2480,-535,-538,97],[10004,-13744,-1988,-547,-557,30],[9832,-13976,-2088,-569,-368,35],[9900,-13752,-2468,-693,-304,-5],[9888,-13820,-2136,-812,-144,-123],[9824,-13808,-2144,-732,-289,-97],[9976,-13736,-2204,-593,-549,-19],[9800,-13844,-2260,-637,-379,-51],[9844,-13784,-2364,-779,-197,-76],[10144,-13896,-1304,-1284,-322,-307],[10440,-13508,-2556,-782,-810,212],[10416,-13632,-2100,-920,-53,716],[8920,-15040,-1584,-1904,-1032,-154],[9200,-20092,-1880,5932,4424,-770],[9976,-9788,3164,-4475,-4214,-466],[7552,-12664,2012,-1211,1230,746],[7108,-12408,-2116,3930,7486,-10610],[1992,-18104,-15904,-12075,17467,26704],[-4432,2652,-14868,2830,7552,-2128],[8680,356,-16472,256,6366,-2773],[6188,-1808,-17052,-467,-1037,-357],[5632,-684,-16896,-794,399,299],[5684,-940,-16556,-784,620,116],[5404,-1144,-16788,-954,-716,53],[5720,-948,-16508,-713,-819,27],[5664,-664,-16752,-757,-409,70],[5564,-696,-16752,-783,-323,131] HTTP/1.1" 500 161 0.003477
2022-04-14 21:42:36,998 flask INFO 127.0.0.1 - - [2022-04-14 21:42:36] "GET /predict?testData=[9856,-13888,-2292,-904,-136,-170],[9764,-13860,-2212,-602,-403,-35],[9696,-14000,-2020,-644,-184,18],[10020,-13732,-2276,-575,-418,-42],[9844,-13880,-2096,-733,-397,24],[9672,-13664,-2480,-535,-538,97],[10004,-13744,-1988,-547,-557,30],[9832,-13976,-2088,-569,-368,35],[9900,-13752,-2468,-693,-304,-5],[9888,-13820,-2136,-812,-144,-123],[9824,-13808,-2144,-732,-289,-97],[9976,-13736,-2204,-593,-549,-19],[9800,-13844,-2260,-637,-379,-51],[9844,-13784,-2364,-779,-197,-76],[10144,-13896,-1304,-1284,-322,-307],[10440,-13508,-2556,-782,-810,212],[10416,-13632,-2100,-920,-53,716],[8920,-15040,-1584,-1904,-1032,-154],[9200,-20092,-1880,5932,4424,-770],[9976,-9788,3164,-4475,-4214,-466],[7552,-12664,2012,-1211,1230,746],[7108,-12408,-2116,3930,7486,-10610],[1992,-18104,-15904,-12075,17467,26704],[-4432,2652,-14868,2830,7552,-2128],[8680,356,-16472,256,6366,-2773],[6188,-1808,-17052,-467,-1037,-357],[5632,-684,-16896,-794,399,299],[5684,-940,-16556,-784,620,116],[5404,-1144,-16788,-954,-716,53],[5720,-948,-16508,-713,-819,27],[5664,-664,-16752,-757,-409,70],[5564,-696,-16752,-783,-323,131] HTTP/1.1" 500 161 0.001845
2022-04-14 21:55:42,112 flask INFO 127.0.0.1 - - [2022-04-14 21:55:42] "GET /predict?testData=[9856,-13888,-2292,-904,-136,-170],[9764,-13860,-2212,-602,-403,-35],[9696,-14000,-2020,-644,-184,18],[10020,-13732,-2276,-575,-418,-42],[9844,-13880,-2096,-733,-397,24],[9672,-13664,-2480,-535,-538,97],[10004,-13744,-1988,-547,-557,30],[9832,-13976,-2088,-569,-368,35],[9900,-13752,-2468,-693,-304,-5],[9888,-13820,-2136,-812,-144,-123],[9824,-13808,-2144,-732,-289,-97],[9976,-13736,-2204,-593,-549,-19],[9800,-13844,-2260,-637,-379,-51],[9844,-13784,-2364,-779,-197,-76],[10144,-13896,-1304,-1284,-322,-307],[10440,-13508,-2556,-782,-810,212],[10416,-13632,-2100,-920,-53,716],[8920,-15040,-1584,-1904,-1032,-154],[9200,-20092,-1880,5932,4424,-770],[9976,-9788,3164,-4475,-4214,-466],[7552,-12664,2012,-1211,1230,746],[7108,-12408,-2116,3930,7486,-10610],[1992,-18104,-15904,-12075,17467,26704],[-4432,2652,-14868,2830,7552,-2128],[8680,356,-16472,256,6366,-2773],[6188,-1808,-17052,-467,-1037,-357],[5632,-684,-16896,-794,399,299],[5684,-940,-16556,-784,620,116],[5404,-1144,-16788,-954,-716,53],[5720,-948,-16508,-713,-819,27],[5664,-664,-16752,-757,-409,70],[5564,-696,-16752,-783,-323,131] HTTP/1.1" 500 161 0.003103
2022-04-14 21:55:44,140 flask INFO 10.38.2.115 - - [2022-04-14 21:55:44] "GET /predict?testData=[9856,-13888,-2292,-904,-136,-170],[9764,-13860,-2212,-602,-403,-35],[9696,-14000,-2020,-644,-184,18],[10020,-13732,-2276,-575,-418,-42],[9844,-13880,-2096,-733,-397,24],[9672,-13664,-2480,-535,-538,97],[10004,-13744,-1988,-547,-557,30],[9832,-13976,-2088,-569,-368,35],[9900,-13752,-2468,-693,-304,-5],[9888,-13820,-2136,-812,-144,-123],[9824,-13808,-2144,-732,-289,-97],[9976,-13736,-2204,-593,-549,-19],[9800,-13844,-2260,-637,-379,-51],[9844,-13784,-2364,-779,-197,-76],[10144,-13896,-1304,-1284,-322,-307],[10440,-13508,-2556,-782,-810,212],[10416,-13632,-2100,-920,-53,716],[8920,-15040,-1584,-1904,-1032,-154],[9200,-20092,-1880,5932,4424,-770],[9976,-9788,3164,-4475,-4214,-466],[7552,-12664,2012,-1211,1230,746],[7108,-12408,-2116,3930,7486,-10610],[1992,-18104,-15904,-12075,17467,26704],[-4432,2652,-14868,2830,7552,-2128],[8680,356,-16472,256,6366,-2773],[6188,-1808,-17052,-467,-1037,-357],[5632,-684,-16896,-794,399,299],[5684,-940,-16556,-784,620,116],[5404,-1144,-16788,-954,-716,53],[5720,-948,-16508,-713,-819,27],[5664,-664,-16752,-757,-409,70],[5564,-696,-16752,-783,-323,131] HTTP/1.1" 500 161 0.000624
2022-04-14 21:57:57,601 flask INFO 10.38.2.115 - - [2022-04-14 21:57:57] "GET /predict?testData=[9856,-13888,-2292,-904,-136,-170],[9764,-13860,-2212,-602,-403,-35],[9696,-14000,-2020,-644,-184,18],[10020,-13732,-2276,-575,-418,-42],[9844,-13880,-2096,-733,-397,24],[9672,-13664,-2480,-535,-538,97],[10004,-13744,-1988,-547,-557,30],[9832,-13976,-2088,-569,-368,35],[9900,-13752,-2468,-693,-304,-5],[9888,-13820,-2136,-812,-144,-123],[9824,-13808,-2144,-732,-289,-97],[9976,-13736,-2204,-593,-549,-19],[9800,-13844,-2260,-637,-379,-51],[9844,-13784,-2364,-779,-197,-76],[10144,-13896,-1304,-1284,-322,-307],[10440,-13508,-2556,-782,-810,212],[10416,-13632,-2100,-920,-53,716],[8920,-15040,-1584,-1904,-1032,-154],[9200,-20092,-1880,5932,4424,-770],[9976,-9788,3164,-4475,-4214,-466],[7552,-12664,2012,-1211,1230,746],[7108,-12408,-2116,3930,7486,-10610],[1992,-18104,-15904,-12075,17467,26704],[-4432,2652,-14868,2830,7552,-2128],[8680,356,-16472,256,6366,-2773],[6188,-1808,-17052,-467,-1037,-357],[5632,-684,-16896,-794,399,299],[5684,-940,-16556,-784,620,116],[5404,-1144,-16788,-954,-716,53],[5720,-948,-16508,-713,-819,27],[5664,-664,-16752,-757,-409,70],[5564,-696,-16752,-783,-323,131] HTTP/1.1" 500 161 0.002039
2022-04-14 21:57:59,390 flask INFO 10.38.2.115 - - [2022-04-14 21:57:59] "GET /predict?testData=[9856,-13888,-2292,-904,-136,-170],[9764,-13860,-2212,-602,-403,-35],[9696,-14000,-2020,-644,-184,18],[10020,-13732,-2276,-575,-418,-42],[9844,-13880,-2096,-733,-397,24],[9672,-13664,-2480,-535,-538,97],[10004,-13744,-1988,-547,-557,30],[9832,-13976,-2088,-569,-368,35],[9900,-13752,-2468,-693,-304,-5],[9888,-13820,-2136,-812,-144,-123],[9824,-13808,-2144,-732,-289,-97],[9976,-13736,-2204,-593,-549,-19],[9800,-13844,-2260,-637,-379,-51],[9844,-13784,-2364,-779,-197,-76],[10144,-13896,-1304,-1284,-322,-307],[10440,-13508,-2556,-782,-810,212],[10416,-13632,-2100,-920,-53,716],[8920,-15040,-1584,-1904,-1032,-154],[9200,-20092,-1880,5932,4424,-770],[9976,-9788,3164,-4475,-4214,-466],[7552,-12664,2012,-1211,1230,746],[7108,-12408,-2116,3930,7486,-10610],[1992,-18104,-15904,-12075,17467,26704],[-4432,2652,-14868,2830,7552,-2128],[8680,356,-16472,256,6366,-2773],[6188,-1808,-17052,-467,-1037,-357],[5632,-684,-16896,-794,399,299],[5684,-940,-16556,-784,620,116],[5404,-1144,-16788,-954,-716,53],[5720,-948,-16508,-713,-819,27],[5664,-664,-16752,-757,-409,70],[5564,-696,-16752,-783,-323,131] HTTP/1.1" 500 161 0.001996
2022-04-14 21:59:34,642 flask INFO 10.38.2.115 - - [2022-04-14 21:59:34] "GET /predict?testData=[9856,-13888,-2292,-904,-136,-170],[9764,-13860,-2212,-602,-403,-35],[9696,-14000,-2020,-644,-184,18],[10020,-13732,-2276,-575,-418,-42],[9844,-13880,-2096,-733,-397,24],[9672,-13664,-2480,-535,-538,97],[10004,-13744,-1988,-547,-557,30],[9832,-13976,-2088,-569,-368,35],[9900,-13752,-2468,-693,-304,-5],[9888,-13820,-2136,-812,-144,-123],[9824,-13808,-2144,-732,-289,-97],[9976,-13736,-2204,-593,-549,-19],[9800,-13844,-2260,-637,-379,-51],[9844,-13784,-2364,-779,-197,-76],[10144,-13896,-1304,-1284,-322,-307],[10440,-13508,-2556,-782,-810,212],[10416,-13632,-2100,-920,-53,716],[8920,-15040,-1584,-1904,-1032,-154],[9200,-20092,-1880,5932,4424,-770],[9976,-9788,3164,-4475,-4214,-466],[7552,-12664,2012,-1211,1230,746],[7108,-12408,-2116,3930,7486,-10610],[1992,-18104,-15904,-12075,17467,26704],[-4432,2652,-14868,2830,7552,-2128],[8680,356,-16472,256,6366,-2773],[6188,-1808,-17052,-467,-1037,-357],[5632,-684,-16896,-794,399,299],[5684,-940,-16556,-784,620,116],[5404,-1144,-16788,-954,-716,53],[5720,-948,-16508,-713,-819,27],[5664,-664,-16752,-757,-409,70],[5564,-696,-16752,-783,-323,131] HTTP/1.1" 500 161 0.002007
2022-04-14 22:09:43,627 flask INFO 

2022-04-14 22:09:43,628 flask INFO 收到预测请求

2022-04-14 22:09:44,738 flask INFO 预测结果为：
2022-04-14 22:09:44,738 flask INFO 1
2022-04-14 22:09:44,738 flask INFO 

2022-04-14 22:09:44,739 flask INFO 10.38.2.115 - - [2022-04-14 22:09:44] "GET /predict?testData=[9856,-13888,-2292,-904,-136,-170],[9764,-13860,-2212,-602,-403,-35],[9696,-14000,-2020,-644,-184,18],[10020,-13732,-2276,-575,-418,-42],[9844,-13880,-2096,-733,-397,24],[9672,-13664,-2480,-535,-538,97],[10004,-13744,-1988,-547,-557,30],[9832,-13976,-2088,-569,-368,35],[9900,-13752,-2468,-693,-304,-5],[9888,-13820,-2136,-812,-144,-123],[9824,-13808,-2144,-732,-289,-97],[9976,-13736,-2204,-593,-549,-19],[9800,-13844,-2260,-637,-379,-51],[9844,-13784,-2364,-779,-197,-76],[10144,-13896,-1304,-1284,-322,-307],[10440,-13508,-2556,-782,-810,212],[10416,-13632,-2100,-920,-53,716],[8920,-15040,-1584,-1904,-1032,-154],[9200,-20092,-1880,5932,4424,-770],[9976,-9788,3164,-4475,-4214,-466],[7552,-12664,2012,-1211,1230,746],[7108,-12408,-2116,3930,7486,-10610],[1992,-18104,-15904,-12075,17467,26704],[-4432,2652,-14868,2830,7552,-2128],[8680,356,-16472,256,6366,-2773],[6188,-1808,-17052,-467,-1037,-357],[5632,-684,-16896,-794,399,299],[5684,-940,-16556,-784,620,116],[5404,-1144,-16788,-954,-716,53],[5720,-948,-16508,-713,-819,27],[5664,-664,-16752,-757,-409,70],[5564,-696,-16752,-783,-323,131] HTTP/1.1" 200 146 1.111652
2022-04-14 23:52:17,689 flask INFO 

2022-04-14 23:52:17,723 flask INFO 10.38.2.115 - - [2022-04-14 23:52:17] "GET /predict?testData=[9856,-13888,-2292,-904,-136,-170],[9764,-13860,-2212,-602,-403,-35],[9696,-14000,-2020,-644,-184,18],[10020,-13732,-2276,-575,-418,-42],[9844,-13880,-2096,-733,-397,24],[9672,-13664,-2480,-535,-538,97],[10004,-13744,-1988,-547,-557,30],[9832,-13976,-2088,-569,-368,35],[9900,-13752,-2468,-693,-304,-5],[9888,-13820,-2136,-812,-144,-123],[9824,-13808,-2144,-732,-289,-97],[9976,-13736,-2204,-593,-549,-19],[9800,-13844,-2260,-637,-379,-51],[9844,-13784,-2364,-779,-197,-76],[10144,-13896,-1304,-1284,-322,-307],[10440,-13508,-2556,-782,-810,212],[10416,-13632,-2100,-920,-53,716],[8920,-15040,-1584,-1904,-1032,-154],[9200,-20092,-1880,5932,4424,-770],[9976,-9788,3164,-4475,-4214,-466],[7552,-12664,2012,-1211,1230,746],[7108,-12408,-2116,3930,7486,-10610],[1992,-18104,-15904,-12075,17467,26704],[-4432,2652,-14868,2830,7552,-2128],[8680,356,-16472,256,6366,-2773],[6188,-1808,-17052,-467,-1037,-357],[5632,-684,-16896,-794,399,299],[5684,-940,-16556,-784,620,116],[5404,-1144,-16788,-954,-716,53],[5720,-948,-16508,-713,-819,27],[5664,-664,-16752,-757,-409,70],[5564,-696,-16752,-783,-323,131] HTTP/1.1" 500 161 0.034921
2022-04-14 23:54:40,935 flask INFO 

2022-04-14 23:54:40,948 flask INFO 10.38.2.115 - - [2022-04-14 23:54:40] "GET /predict?testData=[9856,-13888,-2292,-904,-136,-170],[9764,-13860,-2212,-602,-403,-35],[9696,-14000,-2020,-644,-184,18],[10020,-13732,-2276,-575,-418,-42],[9844,-13880,-2096,-733,-397,24],[9672,-13664,-2480,-535,-538,97],[10004,-13744,-1988,-547,-557,30],[9832,-13976,-2088,-569,-368,35],[9900,-13752,-2468,-693,-304,-5],[9888,-13820,-2136,-812,-144,-123],[9824,-13808,-2144,-732,-289,-97],[9976,-13736,-2204,-593,-549,-19],[9800,-13844,-2260,-637,-379,-51],[9844,-13784,-2364,-779,-197,-76],[10144,-13896,-1304,-1284,-322,-307],[10440,-13508,-2556,-782,-810,212],[10416,-13632,-2100,-920,-53,716],[8920,-15040,-1584,-1904,-1032,-154],[9200,-20092,-1880,5932,4424,-770],[9976,-9788,3164,-4475,-4214,-466],[7552,-12664,2012,-1211,1230,746],[7108,-12408,-2116,3930,7486,-10610],[1992,-18104,-15904,-12075,17467,26704],[-4432,2652,-14868,2830,7552,-2128],[8680,356,-16472,256,6366,-2773],[6188,-1808,-17052,-467,-1037,-357],[5632,-684,-16896,-794,399,299],[5684,-940,-16556,-784,620,116],[5404,-1144,-16788,-954,-716,53],[5720,-948,-16508,-713,-819,27],[5664,-664,-16752,-757,-409,70],[5564,-696,-16752,-783,-323,131] HTTP/1.1" 500 161 0.014775
2022-04-15 00:01:46,418 flask INFO 

2022-04-15 00:01:46,419 flask INFO 收到预测请求

2022-04-15 00:01:47,648 flask INFO 预测结果为：
2022-04-15 00:01:47,649 flask INFO 1
2022-04-15 00:01:47,649 flask INFO 

2022-04-15 00:01:47,650 flask INFO 10.38.2.115 - - [2022-04-15 00:01:47] "GET /predict?testData=[9856,-13888,-2292,-904,-136,-170],[9764,-13860,-2212,-602,-403,-35],[9696,-14000,-2020,-644,-184,18],[10020,-13732,-2276,-575,-418,-42],[9844,-13880,-2096,-733,-397,24],[9672,-13664,-2480,-535,-538,97],[10004,-13744,-1988,-547,-557,30],[9832,-13976,-2088,-569,-368,35],[9900,-13752,-2468,-693,-304,-5],[9888,-13820,-2136,-812,-144,-123],[9824,-13808,-2144,-732,-289,-97],[9976,-13736,-2204,-593,-549,-19],[9800,-13844,-2260,-637,-379,-51],[9844,-13784,-2364,-779,-197,-76],[10144,-13896,-1304,-1284,-322,-307],[10440,-13508,-2556,-782,-810,212],[10416,-13632,-2100,-920,-53,716],[8920,-15040,-1584,-1904,-1032,-154],[9200,-20092,-1880,5932,4424,-770],[9976,-9788,3164,-4475,-4214,-466],[7552,-12664,2012,-1211,1230,746],[7108,-12408,-2116,3930,7486,-10610],[1992,-18104,-15904,-12075,17467,26704],[-4432,2652,-14868,2830,7552,-2128],[8680,356,-16472,256,6366,-2773],[6188,-1808,-17052,-467,-1037,-357],[5632,-684,-16896,-794,399,299],[5684,-940,-16556,-784,620,116],[5404,-1144,-16788,-954,-716,53],[5720,-948,-16508,-713,-819,27],[5664,-664,-16752,-757,-409,70],[5564,-696,-16752,-783,-323,131] HTTP/1.1" 200 146 1.231645
2022-04-15 00:02:17,506 flask INFO 

2022-04-15 00:02:17,511 flask INFO 10.38.2.115 - - [2022-04-15 00:02:17] "GET /predict?testData=[9856,-13888,-2292,-904,-136,-170],[9764,-13860,-2212,-602,-403,-35],[9696,-14000,-2020,-644,-184,18],[10020,-13732,-2276,-575,-418,-42],[9844,-13880,-2096,-733,-397,24],[9672,-13664,-2480,-535,-538,97],[10004,-13744,-1988,-547,-557,30],[9832,-13976,-2088,-569,-368,35],[9900,-13752,-2468,-693,-304,-5],[9888,-13820,-2136,-812,-144,-123],[9824,-13808,-2144,-732,-289,-97],[9976,-13736,-2204,-593,-549,-19],[9800,-13844,-2260,-637,-379,-51],[9844,-13784,-2364,-779,-197,-76],[10144,-13896,-1304,-1284,-322,-307],[10440,-13508,-2556,-782,-810,212],[10416,-13632,-2100,-920,-53,716],[8920,-15040,-1584,-1904,-1032,-154],[9200,-20092,-1880,5932,4424,-770],[9976,-9788,3164,-4475,-4214,-466],[7552,-12664,2012,-1211,1230,746],[7108,-12408,-2116,3930,7486,-10610],[1992,-18104,-15904,-12075,17467,26704],[-4432,2652,-14868,2830,7552,-2128],[8680,356,-16472,256,6366,-2773],[6188,-1808,-17052,-467,-1037,-357],[5632,-684,-16896,-794,399,299],[5684,-940,-16556,-784,620,116],[5404,-1144,-16788,-954,-716,53],[5720,-948,-16508,-713,-819,27],[5664,-664,-16752,-757,-409,70],[5564,-696,-16752,-783,-323,131] HTTP/1.1" 500 161 0.004987
2022-04-15 00:02:19,260 flask INFO 

2022-04-15 00:02:19,261 flask INFO 10.38.2.115 - - [2022-04-15 00:02:19] "GET /predict?testData=[9856,-13888,-2292,-904,-136,-170],[9764,-13860,-2212,-602,-403,-35],[9696,-14000,-2020,-644,-184,18],[10020,-13732,-2276,-575,-418,-42],[9844,-13880,-2096,-733,-397,24],[9672,-13664,-2480,-535,-538,97],[10004,-13744,-1988,-547,-557,30],[9832,-13976,-2088,-569,-368,35],[9900,-13752,-2468,-693,-304,-5],[9888,-13820,-2136,-812,-144,-123],[9824,-13808,-2144,-732,-289,-97],[9976,-13736,-2204,-593,-549,-19],[9800,-13844,-2260,-637,-379,-51],[9844,-13784,-2364,-779,-197,-76],[10144,-13896,-1304,-1284,-322,-307],[10440,-13508,-2556,-782,-810,212],[10416,-13632,-2100,-920,-53,716],[8920,-15040,-1584,-1904,-1032,-154],[9200,-20092,-1880,5932,4424,-770],[9976,-9788,3164,-4475,-4214,-466],[7552,-12664,2012,-1211,1230,746],[7108,-12408,-2116,3930,7486,-10610],[1992,-18104,-15904,-12075,17467,26704],[-4432,2652,-14868,2830,7552,-2128],[8680,356,-16472,256,6366,-2773],[6188,-1808,-17052,-467,-1037,-357],[5632,-684,-16896,-794,399,299],[5684,-940,-16556,-784,620,116],[5404,-1144,-16788,-954,-716,53],[5720,-948,-16508,-713,-819,27],[5664,-664,-16752,-757,-409,70],[5564,-696,-16752,-783,-323,131] HTTP/1.1" 500 161 0.001032
2022-04-15 00:03:05,371 flask INFO 

2022-04-15 00:03:05,373 flask INFO 收到预测请求

2022-04-15 00:03:06,485 flask INFO 预测结果为：
2022-04-15 00:03:06,485 flask INFO 1
2022-04-15 00:03:06,485 flask INFO 

2022-04-15 00:03:06,485 flask INFO 10.38.2.115 - - [2022-04-15 00:03:06] "GET /predict?testData=[9856,-13888,-2292,-904,-136,-170],[9764,-13860,-2212,-602,-403,-35],[9696,-14000,-2020,-644,-184,18],[10020,-13732,-2276,-575,-418,-42],[9844,-13880,-2096,-733,-397,24],[9672,-13664,-2480,-535,-538,97],[10004,-13744,-1988,-547,-557,30],[9832,-13976,-2088,-569,-368,35],[9900,-13752,-2468,-693,-304,-5],[9888,-13820,-2136,-812,-144,-123],[9824,-13808,-2144,-732,-289,-97],[9976,-13736,-2204,-593,-549,-19],[9800,-13844,-2260,-637,-379,-51],[9844,-13784,-2364,-779,-197,-76],[10144,-13896,-1304,-1284,-322,-307],[10440,-13508,-2556,-782,-810,212],[10416,-13632,-2100,-920,-53,716],[8920,-15040,-1584,-1904,-1032,-154],[9200,-20092,-1880,5932,4424,-770],[9976,-9788,3164,-4475,-4214,-466],[7552,-12664,2012,-1211,1230,746],[7108,-12408,-2116,3930,7486,-10610],[1992,-18104,-15904,-12075,17467,26704],[-4432,2652,-14868,2830,7552,-2128],[8680,356,-16472,256,6366,-2773],[6188,-1808,-17052,-467,-1037,-357],[5632,-684,-16896,-794,399,299],[5684,-940,-16556,-784,620,116],[5404,-1144,-16788,-954,-716,53],[5720,-948,-16508,-713,-819,27],[5664,-664,-16752,-757,-409,70],[5564,-696,-16752,-783,-323,131] HTTP/1.1" 200 146 1.114061
2022-04-15 00:04:06,979 flask INFO 

2022-04-15 00:04:06,995 flask INFO 收到预测请求

2022-04-15 00:04:08,120 flask INFO 预测结果为：
2022-04-15 00:04:08,120 flask INFO 1
2022-04-15 00:04:08,120 flask INFO 

2022-04-15 00:04:08,121 flask INFO 10.38.2.115 - - [2022-04-15 00:04:08] "GET /predict?testData=[9856,-13888,-2292,-904,-136,-170],[9764,-13860,-2212,-602,-403,-35],[9696,-14000,-2020,-644,-184,18],[10020,-13732,-2276,-575,-418,-42],[9844,-13880,-2096,-733,-397,24],[9672,-13664,-2480,-535,-538,97],[10004,-13744,-1988,-547,-557,30],[9832,-13976,-2088,-569,-368,35],[9900,-13752,-2468,-693,-304,-5],[9888,-13820,-2136,-812,-144,-123],[9824,-13808,-2144,-732,-289,-97],[9976,-13736,-2204,-593,-549,-19],[9800,-13844,-2260,-637,-379,-51],[9844,-13784,-2364,-779,-197,-76],[10144,-13896,-1304,-1284,-322,-307],[10440,-13508,-2556,-782,-810,212],[10416,-13632,-2100,-920,-53,716],[8920,-15040,-1584,-1904,-1032,-154],[9200,-20092,-1880,5932,4424,-770],[9976,-9788,3164,-4475,-4214,-466],[7552,-12664,2012,-1211,1230,746],[7108,-12408,-2116,3930,7486,-10610],[1992,-18104,-15904,-12075,17467,26704],[-4432,2652,-14868,2830,7552,-2128],[8680,356,-16472,256,6366,-2773],[6188,-1808,-17052,-467,-1037,-357],[5632,-684,-16896,-794,399,299],[5684,-940,-16556,-784,620,116],[5404,-1144,-16788,-954,-716,53],[5720,-948,-16508,-713,-819,27],[5664,-664,-16752,-757,-409,70],[5564,-696,-16752,-783,-323,131] HTTP/1.1" 200 146 1.141729
2022-04-15 00:07:48,430 flask INFO 

2022-04-15 00:07:48,433 flask INFO 10.38.2.115 - - [2022-04-15 00:07:48] "GET /predict?testData=[9856,-13888,-2292,-904,-136,-170],[9764,-13860,-2212,-602,-403,-35],[9696,-14000,-2020,-644,-184,18],[10020,-13732,-2276,-575,-418,-42],[9844,-13880,-2096,-733,-397,24],[9672,-13664,-2480,-535,-538,97],[10004,-13744,-1988,-547,-557,30],[9832,-13976,-2088,-569,-368,35],[9900,-13752,-2468,-693,-304,-5],[9888,-13820,-2136,-812,-144,-123],[9824,-13808,-2144,-732,-289,-97],[9976,-13736,-2204,-593,-549,-19],[9800,-13844,-2260,-637,-379,-51],[9844,-13784,-2364,-779,-197,-76],[10144,-13896,-1304,-1284,-322,-307],[10440,-13508,-2556,-782,-810,212],[10416,-13632,-2100,-920,-53,716],[8920,-15040,-1584,-1904,-1032,-154],[9200,-20092,-1880,5932,4424,-770],[9976,-9788,3164,-4475,-4214,-466],[7552,-12664,2012,-1211,1230,746],[7108,-12408,-2116,3930,7486,-10610],[1992,-18104,-15904,-12075,17467,26704],[-4432,2652,-14868,2830,7552,-2128],[8680,356,-16472,256,6366,-2773],[6188,-1808,-17052,-467,-1037,-357],[5632,-684,-16896,-794,399,299],[5684,-940,-16556,-784,620,116],[5404,-1144,-16788,-954,-716,53],[5720,-948,-16508,-713,-819,27],[5664,-664,-16752,-757,-409,70],[5564,-696,-16752,-783,-323,131] HTTP/1.1" 500 161 0.003040
2022-04-15 00:09:32,660 flask INFO 

2022-04-15 00:09:32,661 flask INFO 收到预测请求

2022-04-15 00:09:33,797 flask INFO 预测结果为：
2022-04-15 00:09:33,797 flask INFO 1
2022-04-15 00:09:33,797 flask INFO 

2022-04-15 00:09:33,797 flask INFO 10.38.2.115 - - [2022-04-15 00:09:33] "GET /predict?testData=[9856,-13888,-2292,-904,-136,-170],[9764,-13860,-2212,-602,-403,-35],[9696,-14000,-2020,-644,-184,18],[10020,-13732,-2276,-575,-418,-42],[9844,-13880,-2096,-733,-397,24],[9672,-13664,-2480,-535,-538,97],[10004,-13744,-1988,-547,-557,30],[9832,-13976,-2088,-569,-368,35],[9900,-13752,-2468,-693,-304,-5],[9888,-13820,-2136,-812,-144,-123],[9824,-13808,-2144,-732,-289,-97],[9976,-13736,-2204,-593,-549,-19],[9800,-13844,-2260,-637,-379,-51],[9844,-13784,-2364,-779,-197,-76],[10144,-13896,-1304,-1284,-322,-307],[10440,-13508,-2556,-782,-810,212],[10416,-13632,-2100,-920,-53,716],[8920,-15040,-1584,-1904,-1032,-154],[9200,-20092,-1880,5932,4424,-770],[9976,-9788,3164,-4475,-4214,-466],[7552,-12664,2012,-1211,1230,746],[7108,-12408,-2116,3930,7486,-10610],[1992,-18104,-15904,-12075,17467,26704],[-4432,2652,-14868,2830,7552,-2128],[8680,356,-16472,256,6366,-2773],[6188,-1808,-17052,-467,-1037,-357],[5632,-684,-16896,-794,399,299],[5684,-940,-16556,-784,620,116],[5404,-1144,-16788,-954,-716,53],[5720,-948,-16508,-713,-819,27],[5664,-664,-16752,-757,-409,70],[5564,-696,-16752,-783,-323,131] HTTP/1.1" 200 146 1.137802
2022-04-15 00:13:55,087 flask INFO 

2022-04-15 00:13:55,100 flask INFO 收到预测请求

2022-04-15 00:13:56,213 flask INFO 预测结果为：
2022-04-15 00:13:56,214 flask INFO 1
2022-04-15 00:13:56,214 flask INFO 

2022-04-15 00:13:56,214 flask INFO 10.38.2.115 - - [2022-04-15 00:13:56] "GET /predict?testData=[9856,-13888,-2292,-904,-136,-170],[9764,-13860,-2212,-602,-403,-35],[9696,-14000,-2020,-644,-184,18],[10020,-13732,-2276,-575,-418,-42],[9844,-13880,-2096,-733,-397,24],[9672,-13664,-2480,-535,-538,97],[10004,-13744,-1988,-547,-557,30],[9832,-13976,-2088,-569,-368,35],[9900,-13752,-2468,-693,-304,-5],[9888,-13820,-2136,-812,-144,-123],[9824,-13808,-2144,-732,-289,-97],[9976,-13736,-2204,-593,-549,-19],[9800,-13844,-2260,-637,-379,-51],[9844,-13784,-2364,-779,-197,-76],[10144,-13896,-1304,-1284,-322,-307],[10440,-13508,-2556,-782,-810,212],[10416,-13632,-2100,-920,-53,716],[8920,-15040,-1584,-1904,-1032,-154],[9200,-20092,-1880,5932,4424,-770],[9976,-9788,3164,-4475,-4214,-466],[7552,-12664,2012,-1211,1230,746],[7108,-12408,-2116,3930,7486,-10610],[1992,-18104,-15904,-12075,17467,26704],[-4432,2652,-14868,2830,7552,-2128],[8680,356,-16472,256,6366,-2773],[6188,-1808,-17052,-467,-1037,-357],[5632,-684,-16896,-794,399,299],[5684,-940,-16556,-784,620,116],[5404,-1144,-16788,-954,-716,53],[5720,-948,-16508,-713,-819,27],[5664,-664,-16752,-757,-409,70],[5564,-696,-16752,-783,-323,131] HTTP/1.1" 200 146 1.127559
2022-04-15 00:14:25,565 flask INFO 

2022-04-15 00:14:25,577 flask INFO 10.38.2.115 - - [2022-04-15 00:14:25] "GET /predict?testData=[9856,-13888,-2292,-904,-136,-170],[9764,-13860,-2212,-602,-403,-35],[9696,-14000,-2020,-644,-184,18],[10020,-13732,-2276,-575,-418,-42],[9844,-13880,-2096,-733,-397,24],[9672,-13664,-2480,-535,-538,97],[10004,-13744,-1988,-547,-557,30],[9832,-13976,-2088,-569,-368,35],[9900,-13752,-2468,-693,-304,-5],[9888,-13820,-2136,-812,-144,-123],[9824,-13808,-2144,-732,-289,-97],[9976,-13736,-2204,-593,-549,-19],[9800,-13844,-2260,-637,-379,-51],[9844,-13784,-2364,-779,-197,-76],[10144,-13896,-1304,-1284,-322,-307],[10440,-13508,-2556,-782,-810,212],[10416,-13632,-2100,-920,-53,716],[8920,-15040,-1584,-1904,-1032,-154],[9200,-20092,-1880,5932,4424,-770],[9976,-9788,3164,-4475,-4214,-466],[7552,-12664,2012,-1211,1230,746],[7108,-12408,-2116,3930,7486,-10610],[1992,-18104,-15904,-12075,17467,26704],[-4432,2652,-14868,2830,7552,-2128],[8680,356,-16472,256,6366,-2773],[6188,-1808,-17052,-467,-1037,-357],[5632,-684,-16896,-794,399,299],[5684,-940,-16556,-784,620,116],[5404,-1144,-16788,-954,-716,53],[5720,-948,-16508,-713,-819,27],[5664,-664,-16752,-757,-409,70],[5564,-696,-16752,-783,-323,131] HTTP/1.1" 500 161 0.012719
2022-04-15 10:29:18,065 flask INFO 

2022-04-15 10:29:18,098 flask INFO 10.38.2.115 - - [2022-04-15 10:29:18] "GET /predict?testData=[9856,-13888,-2292,-904,-136,-170],[9764,-13860,-2212,-602,-403,-35],[9696,-14000,-2020,-644,-184,18],[10020,-13732,-2276,-575,-418,-42],[9844,-13880,-2096,-733,-397,24],[9672,-13664,-2480,-535,-538,97],[10004,-13744,-1988,-547,-557,30],[9832,-13976,-2088,-569,-368,35],[9900,-13752,-2468,-693,-304,-5],[9888,-13820,-2136,-812,-144,-123],[9824,-13808,-2144,-732,-289,-97],[9976,-13736,-2204,-593,-549,-19],[9800,-13844,-2260,-637,-379,-51],[9844,-13784,-2364,-779,-197,-76],[10144,-13896,-1304,-1284,-322,-307],[10440,-13508,-2556,-782,-810,212],[10416,-13632,-2100,-920,-53,716],[8920,-15040,-1584,-1904,-1032,-154],[9200,-20092,-1880,5932,4424,-770],[9976,-9788,3164,-4475,-4214,-466],[7552,-12664,2012,-1211,1230,746],[7108,-12408,-2116,3930,7486,-10610],[1992,-18104,-15904,-12075,17467,26704],[-4432,2652,-14868,2830,7552,-2128],[8680,356,-16472,256,6366,-2773],[6188,-1808,-17052,-467,-1037,-357],[5632,-684,-16896,-794,399,299],[5684,-940,-16556,-784,620,116],[5404,-1144,-16788,-954,-716,53],[5720,-948,-16508,-713,-819,27],[5664,-664,-16752,-757,-409,70],[5564,-696,-16752,-783,-323,131] HTTP/1.1" 500 161 0.032683
2022-04-15 10:29:18,427 flask INFO 10.38.2.115 - - [2022-04-15 10:29:18] "GET /favicon.ico HTTP/1.1" 404 356 0.000000
2022-04-15 10:29:45,865 flask INFO 

2022-04-15 10:29:45,872 flask INFO 10.38.2.115 - - [2022-04-15 10:29:45] "GET /predict?testData=[9856,-13888,-2292,-904,-136,-170],[9764,-13860,-2212,-602,-403,-35],[9696,-14000,-2020,-644,-184,18],[10020,-13732,-2276,-575,-418,-42],[9844,-13880,-2096,-733,-397,24],[9672,-13664,-2480,-535,-538,97],[10004,-13744,-1988,-547,-557,30],[9832,-13976,-2088,-569,-368,35],[9900,-13752,-2468,-693,-304,-5],[9888,-13820,-2136,-812,-144,-123],[9824,-13808,-2144,-732,-289,-97],[9976,-13736,-2204,-593,-549,-19],[9800,-13844,-2260,-637,-379,-51],[9844,-13784,-2364,-779,-197,-76],[10144,-13896,-1304,-1284,-322,-307],[10440,-13508,-2556,-782,-810,212],[10416,-13632,-2100,-920,-53,716],[8920,-15040,-1584,-1904,-1032,-154],[9200,-20092,-1880,5932,4424,-770],[9976,-9788,3164,-4475,-4214,-466],[7552,-12664,2012,-1211,1230,746],[7108,-12408,-2116,3930,7486,-10610],[1992,-18104,-15904,-12075,17467,26704],[-4432,2652,-14868,2830,7552,-2128],[8680,356,-16472,256,6366,-2773],[6188,-1808,-17052,-467,-1037,-357],[5632,-684,-16896,-794,399,299],[5684,-940,-16556,-784,620,116],[5404,-1144,-16788,-954,-716,53],[5720,-948,-16508,-713,-819,27],[5664,-664,-16752,-757,-409,70],[5564,-696,-16752,-783,-323,131] HTTP/1.1" 500 161 0.006930
2022-04-15 10:31:23,972 flask INFO 

2022-04-15 10:31:23,977 flask INFO 10.38.2.115 - - [2022-04-15 10:31:23] "GET /predict?testData=[9856,-13888,-2292,-904,-136,-170],[9764,-13860,-2212,-602,-403,-35],[9696,-14000,-2020,-644,-184,18],[10020,-13732,-2276,-575,-418,-42],[9844,-13880,-2096,-733,-397,24],[9672,-13664,-2480,-535,-538,97],[10004,-13744,-1988,-547,-557,30],[9832,-13976,-2088,-569,-368,35],[9900,-13752,-2468,-693,-304,-5],[9888,-13820,-2136,-812,-144,-123],[9824,-13808,-2144,-732,-289,-97],[9976,-13736,-2204,-593,-549,-19],[9800,-13844,-2260,-637,-379,-51],[9844,-13784,-2364,-779,-197,-76],[10144,-13896,-1304,-1284,-322,-307],[10440,-13508,-2556,-782,-810,212],[10416,-13632,-2100,-920,-53,716],[8920,-15040,-1584,-1904,-1032,-154],[9200,-20092,-1880,5932,4424,-770],[9976,-9788,3164,-4475,-4214,-466],[7552,-12664,2012,-1211,1230,746],[7108,-12408,-2116,3930,7486,-10610],[1992,-18104,-15904,-12075,17467,26704],[-4432,2652,-14868,2830,7552,-2128],[8680,356,-16472,256,6366,-2773],[6188,-1808,-17052,-467,-1037,-357],[5632,-684,-16896,-794,399,299],[5684,-940,-16556,-784,620,116],[5404,-1144,-16788,-954,-716,53],[5720,-948,-16508,-713,-819,27],[5664,-664,-16752,-757,-409,70],[5564,-696,-16752,-783,-323,131] HTTP/1.1" 500 161 0.005046
2022-04-15 10:32:37,214 flask INFO 

2022-04-15 10:32:37,221 flask INFO 10.38.2.115 - - [2022-04-15 10:32:37] "GET /predict?testData=[9856,-13888,-2292,-904,-136,-170],[9764,-13860,-2212,-602,-403,-35],[9696,-14000,-2020,-644,-184,18],[10020,-13732,-2276,-575,-418,-42],[9844,-13880,-2096,-733,-397,24],[9672,-13664,-2480,-535,-538,97],[10004,-13744,-1988,-547,-557,30],[9832,-13976,-2088,-569,-368,35],[9900,-13752,-2468,-693,-304,-5],[9888,-13820,-2136,-812,-144,-123],[9824,-13808,-2144,-732,-289,-97],[9976,-13736,-2204,-593,-549,-19],[9800,-13844,-2260,-637,-379,-51],[9844,-13784,-2364,-779,-197,-76],[10144,-13896,-1304,-1284,-322,-307],[10440,-13508,-2556,-782,-810,212],[10416,-13632,-2100,-920,-53,716],[8920,-15040,-1584,-1904,-1032,-154],[9200,-20092,-1880,5932,4424,-770],[9976,-9788,3164,-4475,-4214,-466],[7552,-12664,2012,-1211,1230,746],[7108,-12408,-2116,3930,7486,-10610],[1992,-18104,-15904,-12075,17467,26704],[-4432,2652,-14868,2830,7552,-2128],[8680,356,-16472,256,6366,-2773],[6188,-1808,-17052,-467,-1037,-357],[5632,-684,-16896,-794,399,299],[5684,-940,-16556,-784,620,116],[5404,-1144,-16788,-954,-716,53],[5720,-948,-16508,-713,-819,27],[5664,-664,-16752,-757,-409,70],[5564,-696,-16752,-783,-323,131] HTTP/1.1" 500 161 0.007667
2022-04-15 10:36:07,012 flask INFO 

2022-04-15 10:36:07,045 flask INFO 收到预测请求

2022-04-15 10:36:08,278 flask INFO 预测结果为：
2022-04-15 10:36:08,279 flask INFO 1
2022-04-15 10:36:08,279 flask INFO 

2022-04-15 10:36:08,279 flask INFO 10.38.2.115 - - [2022-04-15 10:36:08] "GET /predict?testData=[9856,-13888,-2292,-904,-136,-170],[9764,-13860,-2212,-602,-403,-35],[9696,-14000,-2020,-644,-184,18],[10020,-13732,-2276,-575,-418,-42],[9844,-13880,-2096,-733,-397,24],[9672,-13664,-2480,-535,-538,97],[10004,-13744,-1988,-547,-557,30],[9832,-13976,-2088,-569,-368,35],[9900,-13752,-2468,-693,-304,-5],[9888,-13820,-2136,-812,-144,-123],[9824,-13808,-2144,-732,-289,-97],[9976,-13736,-2204,-593,-549,-19],[9800,-13844,-2260,-637,-379,-51],[9844,-13784,-2364,-779,-197,-76],[10144,-13896,-1304,-1284,-322,-307],[10440,-13508,-2556,-782,-810,212],[10416,-13632,-2100,-920,-53,716],[8920,-15040,-1584,-1904,-1032,-154],[9200,-20092,-1880,5932,4424,-770],[9976,-9788,3164,-4475,-4214,-466],[7552,-12664,2012,-1211,1230,746],[7108,-12408,-2116,3930,7486,-10610],[1992,-18104,-15904,-12075,17467,26704],[-4432,2652,-14868,2830,7552,-2128],[8680,356,-16472,256,6366,-2773],[6188,-1808,-17052,-467,-1037,-357],[5632,-684,-16896,-794,399,299],[5684,-940,-16556,-784,620,116],[5404,-1144,-16788,-954,-716,53],[5720,-948,-16508,-713,-819,27],[5664,-664,-16752,-757,-409,70],[5564,-696,-16752,-783,-323,131] HTTP/1.1" 200 146 1.266829
2022-04-15 10:36:35,184 flask INFO 

2022-04-15 10:36:35,191 flask INFO 收到预测请求

2022-04-15 10:36:35,230 flask INFO 10.38.2.115 - - [2022-04-15 10:36:35] "GET /predict?testData=[9856,-13888,-2292,-904,-136,-170] HTTP/1.1" 500 161 0.044924
2022-04-15 10:37:08,497 flask INFO 

2022-04-15 10:37:08,503 flask INFO 收到预测请求

2022-04-15 10:37:08,577 flask INFO 10.38.2.115 - - [2022-04-15 10:37:08] "GET /predict?testData=[9856,-13888,-2292,-904,-136,-170] HTTP/1.1" 500 161 0.080622
2022-04-15 10:37:09,858 flask INFO 

2022-04-15 10:37:09,861 flask INFO 收到预测请求

2022-04-15 10:37:09,965 flask INFO 10.38.2.115 - - [2022-04-15 10:37:09] "GET /predict?testData=[9856,-13888,-2292,-904,-136,-170] HTTP/1.1" 500 161 0.106783
2022-04-15 10:38:36,679 flask INFO 

2022-04-15 10:38:36,685 flask INFO 收到预测请求

2022-04-15 10:38:36,724 flask INFO 10.38.2.115 - - [2022-04-15 10:38:36] "GET /predict?testData=[9856,-13888,-2292,-904,-136,-170],[9764,-13860,-2212,-602,-403,-35],[9696,-14000,-2020,-644,-184,18],[10020,-13732,-2276,-575,-418,-42],[9844,-13880,-2096,-733,-397,24],[9672,-13664,-2480,-535,-538,97],[10004,-13744,-1988,-547,-557,30],[9832,-13976,-2088,-569,-368,35],[9900,-13752,-2468,-693,-304,-5],[9888,-13820,-2136,-812,-144,-123],[9824,-13808,-2144,-732,-289,-97],[9976,-13736,-2204,-593,-549,-19],[9800,-13844,-2260,-637,-379,-51],[9844,-13784,-2364,-779,-197,-76],[10144,-13896,-1304,-1284,-322,-307],[10440,-13508,-2556,-782,-810,212],[10416,-13632,-2100,-920,-53,716],[8920,-15040,-1584,-1904,-1032,-154],[9200,-20092,-1880,5932,4424,-770],[9976,-9788,3164,-4475,-4214,-466],[7552,-12664,2012,-1211,1230,746],[7108,-12408,-2116,3930,7486,-10610],[1992,-18104,-15904,-12075,17467,26704],[-4432,2652,-14868,2830,7552,-2128],[8680,356,-16472,256,6366,-2773],[6188,-1808,-17052,-467,-1037,-357],[5632,-684,-16896,-794,399,299],[5684,-940,-16556,-784,620,116],[5404,-1144,-16788,-954,-716,53],[5720,-948,-16508,-713,-819,27],[5664,-664,-16752,-757,-409,70],[5564,-696,-16752,-783,-323,131] HTTP/1.1" 500 161 0.045360
2022-04-15 10:38:39,574 flask INFO 

2022-04-15 10:38:39,578 flask INFO 收到预测请求

2022-04-15 10:38:39,609 flask INFO 10.38.2.115 - - [2022-04-15 10:38:39] "GET /predict?testData=[9856,-13888,-2292,-904,-136,-170],[9764,-13860,-2212,-602,-403,-35],[9696,-14000,-2020,-644,-184,18],[10020,-13732,-2276,-575,-418,-42],[9844,-13880,-2096,-733,-397,24],[9672,-13664,-2480,-535,-538,97],[10004,-13744,-1988,-547,-557,30],[9832,-13976,-2088,-569,-368,35],[9900,-13752,-2468,-693,-304,-5],[9888,-13820,-2136,-812,-144,-123],[9824,-13808,-2144,-732,-289,-97],[9976,-13736,-2204,-593,-549,-19],[9800,-13844,-2260,-637,-379,-51],[9844,-13784,-2364,-779,-197,-76],[10144,-13896,-1304,-1284,-322,-307],[10440,-13508,-2556,-782,-810,212],[10416,-13632,-2100,-920,-53,716],[8920,-15040,-1584,-1904,-1032,-154],[9200,-20092,-1880,5932,4424,-770],[9976,-9788,3164,-4475,-4214,-466],[7552,-12664,2012,-1211,1230,746],[7108,-12408,-2116,3930,7486,-10610],[1992,-18104,-15904,-12075,17467,26704],[-4432,2652,-14868,2830,7552,-2128],[8680,356,-16472,256,6366,-2773],[6188,-1808,-17052,-467,-1037,-357],[5632,-684,-16896,-794,399,299],[5684,-940,-16556,-784,620,116],[5404,-1144,-16788,-954,-716,53],[5720,-948,-16508,-713,-819,27],[5664,-664,-16752,-757,-409,70],[5564,-696,-16752,-783,-323,131] HTTP/1.1" 500 161 0.035039
2022-04-15 10:39:13,277 flask INFO 

2022-04-15 10:39:13,281 flask INFO 收到预测请求

2022-04-15 10:39:13,357 flask INFO 10.38.2.115 - - [2022-04-15 10:39:13] "GET /predict?testData=[9856,-13888,-2292,-904,-136,-170],[9764,-13860,-2212,-602,-403,-35],[9696,-14000,-2020,-644,-184,18],[10020,-13732,-2276,-575,-418,-42],[9844,-13880,-2096,-733,-397,24],[9672,-13664,-2480,-535,-538,97],[10004,-13744,-1988,-547,-557,30],[9832,-13976,-2088,-569,-368,35],[9900,-13752,-2468,-693,-304,-5],[9888,-13820,-2136,-812,-144,-123],[9824,-13808,-2144,-732,-289,-97],[9976,-13736,-2204,-593,-549,-19],[9800,-13844,-2260,-637,-379,-51],[9844,-13784,-2364,-779,-197,-76],[10144,-13896,-1304,-1284,-322,-307],[10440,-13508,-2556,-782,-810,212],[10416,-13632,-2100,-920,-53,716],[8920,-15040,-1584,-1904,-1032,-154],[9200,-20092,-1880,5932,4424,-770],[9976,-9788,3164,-4475,-4214,-466],[7552,-12664,2012,-1211,1230,746],[7108,-12408,-2116,3930,7486,-10610],[1992,-18104,-15904,-12075,17467,26704],[-4432,2652,-14868,2830,7552,-2128],[8680,356,-16472,256,6366,-2773],[6188,-1808,-17052,-467,-1037,-357],[5632,-684,-16896,-794,399,299],[5684,-940,-16556,-784,620,116],[5404,-1144,-16788,-954,-716,53],[5720,-948,-16508,-713,-819,27],[5664,-664,-16752,-757,-409,70],[5564,-696,-16752,-783,-323,131] HTTP/1.1" 500 161 0.079005
2022-04-15 10:42:18,545 flask INFO 

2022-04-15 10:42:18,551 flask INFO 收到预测请求

2022-04-15 10:42:18,624 flask INFO 10.38.2.115 - - [2022-04-15 10:42:18] "GET /predict?testData=[9856,-13888,-2292,-904,-136,-170],[9764,-13860,-2212,-602,-403,-35],[9696,-14000,-2020,-644,-184,18],[10020,-13732,-2276,-575,-418,-42],[9844,-13880,-2096,-733,-397,24],[9672,-13664,-2480,-535,-538,97],[10004,-13744,-1988,-547,-557,30],[9832,-13976,-2088,-569,-368,35],[9900,-13752,-2468,-693,-304,-5],[9888,-13820,-2136,-812,-144,-123],[9824,-13808,-2144,-732,-289,-97],[9976,-13736,-2204,-593,-549,-19],[9800,-13844,-2260,-637,-379,-51],[9844,-13784,-2364,-779,-197,-76],[10144,-13896,-1304,-1284,-322,-307],[10440,-13508,-2556,-782,-810,212],[10416,-13632,-2100,-920,-53,716],[8920,-15040,-1584,-1904,-1032,-154],[9200,-20092,-1880,5932,4424,-770],[9976,-9788,3164,-4475,-4214,-466],[7552,-12664,2012,-1211,1230,746],[7108,-12408,-2116,3930,7486,-10610],[1992,-18104,-15904,-12075,17467,26704],[-4432,2652,-14868,2830,7552,-2128],[8680,356,-16472,256,6366,-2773],[6188,-1808,-17052,-467,-1037,-357],[5632,-684,-16896,-794,399,299],[5684,-940,-16556,-784,620,116],[5404,-1144,-16788,-954,-716,53],[5720,-948,-16508,-713,-819,27],[5664,-664,-16752,-757,-409,70],[5564,-696,-16752,-783,-323,131] HTTP/1.1" 500 161 0.078789
2022-04-15 10:42:52,584 flask INFO 

2022-04-15 10:42:52,590 flask INFO 10.38.2.115 - - [2022-04-15 10:42:52] "GET /predict?testData=[9856,-13888,-2292,-904,-136,-170],[9764,-13860,-2212,-602,-403,-35],[9696,-14000,-2020,-644,-184,18],[10020,-13732,-2276,-575,-418,-42],[9844,-13880,-2096,-733,-397,24],[9672,-13664,-2480,-535,-538,97],[10004,-13744,-1988,-547,-557,30],[9832,-13976,-2088,-569,-368,35],[9900,-13752,-2468,-693,-304,-5],[9888,-13820,-2136,-812,-144,-123],[9824,-13808,-2144,-732,-289,-97],[9976,-13736,-2204,-593,-549,-19],[9800,-13844,-2260,-637,-379,-51],[9844,-13784,-2364,-779,-197,-76],[10144,-13896,-1304,-1284,-322,-307],[10440,-13508,-2556,-782,-810,212],[10416,-13632,-2100,-920,-53,716],[8920,-15040,-1584,-1904,-1032,-154],[9200,-20092,-1880,5932,4424,-770],[9976,-9788,3164,-4475,-4214,-466],[7552,-12664,2012,-1211,1230,746],[7108,-12408,-2116,3930,7486,-10610],[1992,-18104,-15904,-12075,17467,26704],[-4432,2652,-14868,2830,7552,-2128],[8680,356,-16472,256,6366,-2773],[6188,-1808,-17052,-467,-1037,-357],[5632,-684,-16896,-794,399,299],[5684,-940,-16556,-784,620,116],[5404,-1144,-16788,-954,-716,53],[5720,-948,-16508,-713,-819,27],[5664,-664,-16752,-757,-409,70],[5564,-696,-16752,-783,-323,131] HTTP/1.1" 500 161 0.006457
2022-04-15 10:43:52,134 flask INFO 

2022-04-15 10:43:52,146 flask INFO 收到预测请求

2022-04-15 10:43:52,206 flask INFO 10.38.2.115 - - [2022-04-15 10:43:52] "GET /predict?testData=[9856,-13888,-2292,-904,-136,-170],[9764,-13860,-2212,-602,-403,-35],[9696,-14000,-2020,-644,-184,18],[10020,-13732,-2276,-575,-418,-42],[9844,-13880,-2096,-733,-397,24],[9672,-13664,-2480,-535,-538,97],[10004,-13744,-1988,-547,-557,30],[9832,-13976,-2088,-569,-368,35],[9900,-13752,-2468,-693,-304,-5],[9888,-13820,-2136,-812,-144,-123],[9824,-13808,-2144,-732,-289,-97],[9976,-13736,-2204,-593,-549,-19],[9800,-13844,-2260,-637,-379,-51],[9844,-13784,-2364,-779,-197,-76],[10144,-13896,-1304,-1284,-322,-307],[10440,-13508,-2556,-782,-810,212],[10416,-13632,-2100,-920,-53,716],[8920,-15040,-1584,-1904,-1032,-154],[9200,-20092,-1880,5932,4424,-770],[9976,-9788,3164,-4475,-4214,-466],[7552,-12664,2012,-1211,1230,746],[7108,-12408,-2116,3930,7486,-10610],[1992,-18104,-15904,-12075,17467,26704],[-4432,2652,-14868,2830,7552,-2128],[8680,356,-16472,256,6366,-2773],[6188,-1808,-17052,-467,-1037,-357],[5632,-684,-16896,-794,399,299],[5684,-940,-16556,-784,620,116],[5404,-1144,-16788,-954,-716,53],[5720,-948,-16508,-713,-819,27],[5664,-664,-16752,-757,-409,70],[5564,-696,-16752,-783,-323,131] HTTP/1.1" 500 161 0.072953
2022-04-15 10:47:36,912 flask INFO 

2022-04-15 10:47:36,955 flask INFO 10.38.2.115 - - [2022-04-15 10:47:36] "GET /predict?testData=[9856,-13888,-2292,-904,-136,-170],[9764,-13860,-2212,-602,-403,-35],[9696,-14000,-2020,-644,-184,18],[10020,-13732,-2276,-575,-418,-42],[9844,-13880,-2096,-733,-397,24],[9672,-13664,-2480,-535,-538,97],[10004,-13744,-1988,-547,-557,30],[9832,-13976,-2088,-569,-368,35],[9900,-13752,-2468,-693,-304,-5],[9888,-13820,-2136,-812,-144,-123],[9824,-13808,-2144,-732,-289,-97],[9976,-13736,-2204,-593,-549,-19],[9800,-13844,-2260,-637,-379,-51],[9844,-13784,-2364,-779,-197,-76],[10144,-13896,-1304,-1284,-322,-307],[10440,-13508,-2556,-782,-810,212],[10416,-13632,-2100,-920,-53,716],[8920,-15040,-1584,-1904,-1032,-154],[9200,-20092,-1880,5932,4424,-770],[9976,-9788,3164,-4475,-4214,-466],[7552,-12664,2012,-1211,1230,746],[7108,-12408,-2116,3930,7486,-10610],[1992,-18104,-15904,-12075,17467,26704],[-4432,2652,-14868,2830,7552,-2128],[8680,356,-16472,256,6366,-2773],[6188,-1808,-17052,-467,-1037,-357],[5632,-684,-16896,-794,399,299],[5684,-940,-16556,-784,620,116],[5404,-1144,-16788,-954,-716,53],[5720,-948,-16508,-713,-819,27],[5664,-664,-16752,-757,-409,70],[5564,-696,-16752,-783,-323,131] HTTP/1.1" 200 129 0.042531
2022-04-15 10:48:16,059 flask INFO 

2022-04-15 10:48:16,071 flask INFO 10.38.2.115 - - [2022-04-15 10:48:16] "GET /predict?testData=[9856,-13888,-2292,-904,-136,-170],[9764,-13860,-2212,-602,-403,-35],[9696,-14000,-2020,-644,-184,18],[10020,-13732,-2276,-575,-418,-42],[9844,-13880,-2096,-733,-397,24],[9672,-13664,-2480,-535,-538,97],[10004,-13744,-1988,-547,-557,30],[9832,-13976,-2088,-569,-368,35],[9900,-13752,-2468,-693,-304,-5],[9888,-13820,-2136,-812,-144,-123],[9824,-13808,-2144,-732,-289,-97],[9976,-13736,-2204,-593,-549,-19],[9800,-13844,-2260,-637,-379,-51],[9844,-13784,-2364,-779,-197,-76],[10144,-13896,-1304,-1284,-322,-307],[10440,-13508,-2556,-782,-810,212],[10416,-13632,-2100,-920,-53,716],[8920,-15040,-1584,-1904,-1032,-154],[9200,-20092,-1880,5932,4424,-770],[9976,-9788,3164,-4475,-4214,-466],[7552,-12664,2012,-1211,1230,746],[7108,-12408,-2116,3930,7486,-10610],[1992,-18104,-15904,-12075,17467,26704],[-4432,2652,-14868,2830,7552,-2128],[8680,356,-16472,256,6366,-2773],[6188,-1808,-17052,-467,-1037,-357],[5632,-684,-16896,-794,399,299],[5684,-940,-16556,-784,620,116],[5404,-1144,-16788,-954,-716,53],[5720,-948,-16508,-713,-819,27],[5664,-664,-16752,-757,-409,70],[5564,-696,-16752,-783,-323,131] HTTP/1.1" 500 161 0.012826
2022-04-15 10:49:10,248 flask INFO 

2022-04-15 10:49:10,263 flask INFO 10.38.2.115 - - [2022-04-15 10:49:10] "GET /predict?testData=[9856,-13888,-2292,-904,-136,-170],[9764,-13860,-2212,-602,-403,-35],[9696,-14000,-2020,-644,-184,18],[10020,-13732,-2276,-575,-418,-42],[9844,-13880,-2096,-733,-397,24],[9672,-13664,-2480,-535,-538,97],[10004,-13744,-1988,-547,-557,30],[9832,-13976,-2088,-569,-368,35],[9900,-13752,-2468,-693,-304,-5],[9888,-13820,-2136,-812,-144,-123],[9824,-13808,-2144,-732,-289,-97],[9976,-13736,-2204,-593,-549,-19],[9800,-13844,-2260,-637,-379,-51],[9844,-13784,-2364,-779,-197,-76],[10144,-13896,-1304,-1284,-322,-307],[10440,-13508,-2556,-782,-810,212],[10416,-13632,-2100,-920,-53,716],[8920,-15040,-1584,-1904,-1032,-154],[9200,-20092,-1880,5932,4424,-770],[9976,-9788,3164,-4475,-4214,-466],[7552,-12664,2012,-1211,1230,746],[7108,-12408,-2116,3930,7486,-10610],[1992,-18104,-15904,-12075,17467,26704],[-4432,2652,-14868,2830,7552,-2128],[8680,356,-16472,256,6366,-2773],[6188,-1808,-17052,-467,-1037,-357],[5632,-684,-16896,-794,399,299],[5684,-940,-16556,-784,620,116],[5404,-1144,-16788,-954,-716,53],[5720,-948,-16508,-713,-819,27],[5664,-664,-16752,-757,-409,70],[5564,-696,-16752,-783,-323,131] HTTP/1.1" 200 129 0.015626
2022-04-15 10:50:00,606 flask INFO 

2022-04-15 10:50:00,610 flask INFO 10.38.2.115 - - [2022-04-15 10:50:00] "GET /predict?testData=[9856,-13888,-2292,-904,-136,-170],[9764,-13860,-2212,-602,-403,-35],[9696,-14000,-2020,-644,-184,18],[10020,-13732,-2276,-575,-418,-42],[9844,-13880,-2096,-733,-397,24],[9672,-13664,-2480,-535,-538,97],[10004,-13744,-1988,-547,-557,30],[9832,-13976,-2088,-569,-368,35],[9900,-13752,-2468,-693,-304,-5],[9888,-13820,-2136,-812,-144,-123],[9824,-13808,-2144,-732,-289,-97],[9976,-13736,-2204,-593,-549,-19],[9800,-13844,-2260,-637,-379,-51],[9844,-13784,-2364,-779,-197,-76],[10144,-13896,-1304,-1284,-322,-307],[10440,-13508,-2556,-782,-810,212],[10416,-13632,-2100,-920,-53,716],[8920,-15040,-1584,-1904,-1032,-154],[9200,-20092,-1880,5932,4424,-770],[9976,-9788,3164,-4475,-4214,-466],[7552,-12664,2012,-1211,1230,746],[7108,-12408,-2116,3930,7486,-10610],[1992,-18104,-15904,-12075,17467,26704],[-4432,2652,-14868,2830,7552,-2128],[8680,356,-16472,256,6366,-2773],[6188,-1808,-17052,-467,-1037,-357],[5632,-684,-16896,-794,399,299],[5684,-940,-16556,-784,620,116],[5404,-1144,-16788,-954,-716,53],[5720,-948,-16508,-713,-819,27],[5664,-664,-16752,-757,-409,70],[5564,-696,-16752,-783,-323,131] HTTP/1.1" 200 129 0.004022
2022-04-15 10:50:30,607 flask INFO 

2022-04-15 10:50:30,610 flask INFO 10.38.2.115 - - [2022-04-15 10:50:30] "GET /predict?testData=[9856,-13888,-2292,-904,-136,-170],[9764,-13860,-2212,-602,-403,-35],[9696,-14000,-2020,-644,-184,18],[10020,-13732,-2276,-575,-418,-42],[9844,-13880,-2096,-733,-397,24],[9672,-13664,-2480,-535,-538,97],[10004,-13744,-1988,-547,-557,30],[9832,-13976,-2088,-569,-368,35],[9900,-13752,-2468,-693,-304,-5],[9888,-13820,-2136,-812,-144,-123],[9824,-13808,-2144,-732,-289,-97],[9976,-13736,-2204,-593,-549,-19],[9800,-13844,-2260,-637,-379,-51],[9844,-13784,-2364,-779,-197,-76],[10144,-13896,-1304,-1284,-322,-307],[10440,-13508,-2556,-782,-810,212],[10416,-13632,-2100,-920,-53,716],[8920,-15040,-1584,-1904,-1032,-154],[9200,-20092,-1880,5932,4424,-770],[9976,-9788,3164,-4475,-4214,-466],[7552,-12664,2012,-1211,1230,746],[7108,-12408,-2116,3930,7486,-10610],[1992,-18104,-15904,-12075,17467,26704],[-4432,2652,-14868,2830,7552,-2128],[8680,356,-16472,256,6366,-2773],[6188,-1808,-17052,-467,-1037,-357],[5632,-684,-16896,-794,399,299],[5684,-940,-16556,-784,620,116],[5404,-1144,-16788,-954,-716,53],[5720,-948,-16508,-713,-819,27],[5664,-664,-16752,-757,-409,70],[5564,-696,-16752,-783,-323,131] HTTP/1.1" 200 129 0.003991
2022-04-15 10:51:08,584 flask INFO 

2022-04-15 10:51:08,588 flask INFO 10.38.2.115 - - [2022-04-15 10:51:08] "GET /predict?testData=[9856,-13888,-2292,-904,-136,-170],[9764,-13860,-2212,-602,-403,-35],[9696,-14000,-2020,-644,-184,18],[10020,-13732,-2276,-575,-418,-42],[9844,-13880,-2096,-733,-397,24],[9672,-13664,-2480,-535,-538,97],[10004,-13744,-1988,-547,-557,30],[9832,-13976,-2088,-569,-368,35],[9900,-13752,-2468,-693,-304,-5],[9888,-13820,-2136,-812,-144,-123],[9824,-13808,-2144,-732,-289,-97],[9976,-13736,-2204,-593,-549,-19],[9800,-13844,-2260,-637,-379,-51],[9844,-13784,-2364,-779,-197,-76],[10144,-13896,-1304,-1284,-322,-307],[10440,-13508,-2556,-782,-810,212],[10416,-13632,-2100,-920,-53,716],[8920,-15040,-1584,-1904,-1032,-154],[9200,-20092,-1880,5932,4424,-770],[9976,-9788,3164,-4475,-4214,-466],[7552,-12664,2012,-1211,1230,746],[7108,-12408,-2116,3930,7486,-10610],[1992,-18104,-15904,-12075,17467,26704],[-4432,2652,-14868,2830,7552,-2128],[8680,356,-16472,256,6366,-2773],[6188,-1808,-17052,-467,-1037,-357],[5632,-684,-16896,-794,399,299],[5684,-940,-16556,-784,620,116],[5404,-1144,-16788,-954,-716,53],[5720,-948,-16508,-713,-819,27],[5664,-664,-16752,-757,-409,70],[5564,-696,-16752,-783,-323,131] HTTP/1.1" 200 129 0.005002
2022-04-15 10:52:01,730 flask INFO 

2022-04-15 10:52:01,734 flask INFO 10.38.2.115 - - [2022-04-15 10:52:01] "GET /predict?testData=[9856,-13888,-2292,-904,-136,-170],[9764,-13860,-2212,-602,-403,-35],[9696,-14000,-2020,-644,-184,18],[10020,-13732,-2276,-575,-418,-42],[9844,-13880,-2096,-733,-397,24],[9672,-13664,-2480,-535,-538,97],[10004,-13744,-1988,-547,-557,30],[9832,-13976,-2088,-569,-368,35],[9900,-13752,-2468,-693,-304,-5],[9888,-13820,-2136,-812,-144,-123],[9824,-13808,-2144,-732,-289,-97],[9976,-13736,-2204,-593,-549,-19],[9800,-13844,-2260,-637,-379,-51],[9844,-13784,-2364,-779,-197,-76],[10144,-13896,-1304,-1284,-322,-307],[10440,-13508,-2556,-782,-810,212],[10416,-13632,-2100,-920,-53,716],[8920,-15040,-1584,-1904,-1032,-154],[9200,-20092,-1880,5932,4424,-770],[9976,-9788,3164,-4475,-4214,-466],[7552,-12664,2012,-1211,1230,746],[7108,-12408,-2116,3930,7486,-10610],[1992,-18104,-15904,-12075,17467,26704],[-4432,2652,-14868,2830,7552,-2128],[8680,356,-16472,256,6366,-2773],[6188,-1808,-17052,-467,-1037,-357],[5632,-684,-16896,-794,399,299],[5684,-940,-16556,-784,620,116],[5404,-1144,-16788,-954,-716,53],[5720,-948,-16508,-713,-819,27],[5664,-664,-16752,-757,-409,70],[5564,-696,-16752,-783,-323,131] HTTP/1.1" 200 129 0.004023
2022-04-15 10:53:06,813 flask INFO 

2022-04-15 10:53:06,816 flask INFO 10.38.2.115 - - [2022-04-15 10:53:06] "GET /predict?testData=[9856,-13888,-2292,-904,-136,-170],[9764,-13860,-2212,-602,-403,-35],[9696,-14000,-2020,-644,-184,18],[10020,-13732,-2276,-575,-418,-42],[9844,-13880,-2096,-733,-397,24],[9672,-13664,-2480,-535,-538,97],[10004,-13744,-1988,-547,-557,30],[9832,-13976,-2088,-569,-368,35],[9900,-13752,-2468,-693,-304,-5],[9888,-13820,-2136,-812,-144,-123],[9824,-13808,-2144,-732,-289,-97],[9976,-13736,-2204,-593,-549,-19],[9800,-13844,-2260,-637,-379,-51],[9844,-13784,-2364,-779,-197,-76],[10144,-13896,-1304,-1284,-322,-307],[10440,-13508,-2556,-782,-810,212],[10416,-13632,-2100,-920,-53,716],[8920,-15040,-1584,-1904,-1032,-154],[9200,-20092,-1880,5932,4424,-770],[9976,-9788,3164,-4475,-4214,-466],[7552,-12664,2012,-1211,1230,746],[7108,-12408,-2116,3930,7486,-10610],[1992,-18104,-15904,-12075,17467,26704],[-4432,2652,-14868,2830,7552,-2128],[8680,356,-16472,256,6366,-2773],[6188,-1808,-17052,-467,-1037,-357],[5632,-684,-16896,-794,399,299],[5684,-940,-16556,-784,620,116],[5404,-1144,-16788,-954,-716,53],[5720,-948,-16508,-713,-819,27],[5664,-664,-16752,-757,-409,70],[5564,-696,-16752,-783,-323,131] HTTP/1.1" 200 129 0.002990
2022-04-15 10:53:46,456 flask INFO 

2022-04-15 10:53:46,475 flask INFO 10.38.2.115 - - [2022-04-15 10:53:46] "GET /predict?testData=[9856,-13888,-2292,-904,-136,-170],[9764,-13860,-2212,-602,-403,-35],[9696,-14000,-2020,-644,-184,18],[10020,-13732,-2276,-575,-418,-42],[9844,-13880,-2096,-733,-397,24],[9672,-13664,-2480,-535,-538,97],[10004,-13744,-1988,-547,-557,30],[9832,-13976,-2088,-569,-368,35],[9900,-13752,-2468,-693,-304,-5],[9888,-13820,-2136,-812,-144,-123],[9824,-13808,-2144,-732,-289,-97],[9976,-13736,-2204,-593,-549,-19],[9800,-13844,-2260,-637,-379,-51],[9844,-13784,-2364,-779,-197,-76],[10144,-13896,-1304,-1284,-322,-307],[10440,-13508,-2556,-782,-810,212],[10416,-13632,-2100,-920,-53,716],[8920,-15040,-1584,-1904,-1032,-154],[9200,-20092,-1880,5932,4424,-770],[9976,-9788,3164,-4475,-4214,-466],[7552,-12664,2012,-1211,1230,746],[7108,-12408,-2116,3930,7486,-10610],[1992,-18104,-15904,-12075,17467,26704],[-4432,2652,-14868,2830,7552,-2128],[8680,356,-16472,256,6366,-2773],[6188,-1808,-17052,-467,-1037,-357],[5632,-684,-16896,-794,399,299],[5684,-940,-16556,-784,620,116],[5404,-1144,-16788,-954,-716,53],[5720,-948,-16508,-713,-819,27],[5664,-664,-16752,-757,-409,70],[5564,-696,-16752,-783,-323,131] HTTP/1.1" 200 129 0.019694
2022-04-15 10:55:11,224 flask INFO 

2022-04-15 10:55:11,228 flask INFO 10.38.2.115 - - [2022-04-15 10:55:11] "GET /predict?testData=[9856,-13888,-2292,-904,-136,-170],[9764,-13860,-2212,-602,-403,-35],[9696,-14000,-2020,-644,-184,18],[10020,-13732,-2276,-575,-418,-42],[9844,-13880,-2096,-733,-397,24],[9672,-13664,-2480,-535,-538,97],[10004,-13744,-1988,-547,-557,30],[9832,-13976,-2088,-569,-368,35],[9900,-13752,-2468,-693,-304,-5],[9888,-13820,-2136,-812,-144,-123],[9824,-13808,-2144,-732,-289,-97],[9976,-13736,-2204,-593,-549,-19],[9800,-13844,-2260,-637,-379,-51],[9844,-13784,-2364,-779,-197,-76],[10144,-13896,-1304,-1284,-322,-307],[10440,-13508,-2556,-782,-810,212],[10416,-13632,-2100,-920,-53,716],[8920,-15040,-1584,-1904,-1032,-154],[9200,-20092,-1880,5932,4424,-770],[9976,-9788,3164,-4475,-4214,-466],[7552,-12664,2012,-1211,1230,746],[7108,-12408,-2116,3930,7486,-10610],[1992,-18104,-15904,-12075,17467,26704],[-4432,2652,-14868,2830,7552,-2128],[8680,356,-16472,256,6366,-2773],[6188,-1808,-17052,-467,-1037,-357],[5632,-684,-16896,-794,399,299],[5684,-940,-16556,-784,620,116],[5404,-1144,-16788,-954,-716,53],[5720,-948,-16508,-713,-819,27],[5664,-664,-16752,-757,-409,70],[5564,-696,-16752,-783,-323,131] HTTP/1.1" 200 129 0.004020
2022-04-15 10:57:24,523 flask INFO 

2022-04-15 10:57:24,527 flask INFO 10.38.2.115 - - [2022-04-15 10:57:24] "GET /predict?testData=[9856,-13888,-2292,-904,-136,-170],[9764,-13860,-2212,-602,-403,-35],[9696,-14000,-2020,-644,-184,18],[10020,-13732,-2276,-575,-418,-42],[9844,-13880,-2096,-733,-397,24],[9672,-13664,-2480,-535,-538,97],[10004,-13744,-1988,-547,-557,30],[9832,-13976,-2088,-569,-368,35],[9900,-13752,-2468,-693,-304,-5],[9888,-13820,-2136,-812,-144,-123],[9824,-13808,-2144,-732,-289,-97],[9976,-13736,-2204,-593,-549,-19],[9800,-13844,-2260,-637,-379,-51],[9844,-13784,-2364,-779,-197,-76],[10144,-13896,-1304,-1284,-322,-307],[10440,-13508,-2556,-782,-810,212],[10416,-13632,-2100,-920,-53,716],[8920,-15040,-1584,-1904,-1032,-154],[9200,-20092,-1880,5932,4424,-770],[9976,-9788,3164,-4475,-4214,-466],[7552,-12664,2012,-1211,1230,746],[7108,-12408,-2116,3930,7486,-10610],[1992,-18104,-15904,-12075,17467,26704],[-4432,2652,-14868,2830,7552,-2128],[8680,356,-16472,256,6366,-2773],[6188,-1808,-17052,-467,-1037,-357],[5632,-684,-16896,-794,399,299],[5684,-940,-16556,-784,620,116],[5404,-1144,-16788,-954,-716,53],[5720,-948,-16508,-713,-819,27],[5664,-664,-16752,-757,-409,70],[5564,-696,-16752,-783,-323,131] HTTP/1.1" 200 129 0.005006
2022-04-15 10:58:38,572 flask INFO 

2022-04-15 10:58:38,576 flask INFO 收到预测请求

2022-04-15 10:58:39,816 flask INFO 预测结果为：
2022-04-15 10:58:39,817 flask INFO 1
2022-04-15 10:58:39,817 flask INFO 

2022-04-15 10:58:39,818 flask INFO 10.38.2.115 - - [2022-04-15 10:58:39] "GET /predict?testData=[9856,-13888,-2292,-904,-136,-170],[9764,-13860,-2212,-602,-403,-35],[9696,-14000,-2020,-644,-184,18],[10020,-13732,-2276,-575,-418,-42],[9844,-13880,-2096,-733,-397,24],[9672,-13664,-2480,-535,-538,97],[10004,-13744,-1988,-547,-557,30],[9832,-13976,-2088,-569,-368,35],[9900,-13752,-2468,-693,-304,-5],[9888,-13820,-2136,-812,-144,-123],[9824,-13808,-2144,-732,-289,-97],[9976,-13736,-2204,-593,-549,-19],[9800,-13844,-2260,-637,-379,-51],[9844,-13784,-2364,-779,-197,-76],[10144,-13896,-1304,-1284,-322,-307],[10440,-13508,-2556,-782,-810,212],[10416,-13632,-2100,-920,-53,716],[8920,-15040,-1584,-1904,-1032,-154],[9200,-20092,-1880,5932,4424,-770],[9976,-9788,3164,-4475,-4214,-466],[7552,-12664,2012,-1211,1230,746],[7108,-12408,-2116,3930,7486,-10610],[1992,-18104,-15904,-12075,17467,26704],[-4432,2652,-14868,2830,7552,-2128],[8680,356,-16472,256,6366,-2773],[6188,-1808,-17052,-467,-1037,-357],[5632,-684,-16896,-794,399,299],[5684,-940,-16556,-784,620,116],[5404,-1144,-16788,-954,-716,53],[5720,-948,-16508,-713,-819,27],[5664,-664,-16752,-757,-409,70],[5564,-696,-16752,-783,-323,131] HTTP/1.1" 200 146 1.245480
2022-04-15 10:58:56,017 flask INFO 

2022-04-15 10:58:56,021 flask INFO 收到预测请求

2022-04-15 10:58:56,065 flask INFO 预测结果为：
2022-04-15 10:58:56,065 flask INFO 1
2022-04-15 10:58:56,065 flask INFO 

2022-04-15 10:58:56,066 flask INFO 10.38.2.115 - - [2022-04-15 10:58:56] "GET /predict?testData=[9856,-13888,-2292,-904,-136,-170] HTTP/1.1" 200 146 0.048576
2022-04-15 11:00:25,741 flask INFO 

2022-04-15 11:00:25,749 flask INFO 10.38.2.115 - - [2022-04-15 11:00:25] "GET /predict?testData=[9856,-13888,-2292,-904,-136,-170] HTTP/1.1" 500 161 0.008657
2022-04-15 11:00:28,273 flask INFO 

2022-04-15 11:00:28,276 flask INFO 10.38.2.115 - - [2022-04-15 11:00:28] "GET /predict?testData=[9856,-13888,-2292,-904,-136,-170] HTTP/1.1" 500 161 0.002985
2022-04-15 11:02:37,121 flask INFO 

2022-04-15 11:02:37,140 flask INFO 10.38.2.115 - - [2022-04-15 11:02:37] "GET /predict?testData=[9856,-13888,-2292,-904,-136,-170] HTTP/1.1" 200 129 0.018278
2022-04-15 11:02:46,958 flask INFO 

2022-04-15 11:02:46,963 flask INFO 10.38.2.115 - - [2022-04-15 11:02:46] "GET /predict?testData=[9856,-13888,-2292,-904,-136,-170],[9764,-13860,-2212,-602,-403,-35],[9696,-14000,-2020,-644,-184,18],[10020,-13732,-2276,-575,-418,-42],[9844,-13880,-2096,-733,-397,24],[9672,-13664,-2480,-535,-538,97],[10004,-13744,-1988,-547,-557,30],[9832,-13976,-2088,-569,-368,35],[9900,-13752,-2468,-693,-304,-5],[9888,-13820,-2136,-812,-144,-123],[9824,-13808,-2144,-732,-289,-97],[9976,-13736,-2204,-593,-549,-19],[9800,-13844,-2260,-637,-379,-51],[9844,-13784,-2364,-779,-197,-76],[10144,-13896,-1304,-1284,-322,-307],[10440,-13508,-2556,-782,-810,212],[10416,-13632,-2100,-920,-53,716],[8920,-15040,-1584,-1904,-1032,-154],[9200,-20092,-1880,5932,4424,-770],[9976,-9788,3164,-4475,-4214,-466],[7552,-12664,2012,-1211,1230,746],[7108,-12408,-2116,3930,7486,-10610],[1992,-18104,-15904,-12075,17467,26704],[-4432,2652,-14868,2830,7552,-2128],[8680,356,-16472,256,6366,-2773],[6188,-1808,-17052,-467,-1037,-357],[5632,-684,-16896,-794,399,299],[5684,-940,-16556,-784,620,116],[5404,-1144,-16788,-954,-716,53],[5720,-948,-16508,-713,-819,27],[5664,-664,-16752,-757,-409,70],[5564,-696,-16752,-783,-323,131] HTTP/1.1" 200 129 0.004965
2022-04-15 11:04:51,410 flask INFO 

2022-04-15 11:04:51,416 flask INFO 10.38.2.115 - - [2022-04-15 11:04:51] "GET /predict?testData=[9856,-13888,-2292,-904,-136,-170],[9764,-13860,-2212,-602,-403,-35],[9696,-14000,-2020,-644,-184,18],[10020,-13732,-2276,-575,-418,-42],[9844,-13880,-2096,-733,-397,24],[9672,-13664,-2480,-535,-538,97],[10004,-13744,-1988,-547,-557,30],[9832,-13976,-2088,-569,-368,35],[9900,-13752,-2468,-693,-304,-5],[9888,-13820,-2136,-812,-144,-123],[9824,-13808,-2144,-732,-289,-97],[9976,-13736,-2204,-593,-549,-19],[9800,-13844,-2260,-637,-379,-51],[9844,-13784,-2364,-779,-197,-76],[10144,-13896,-1304,-1284,-322,-307],[10440,-13508,-2556,-782,-810,212],[10416,-13632,-2100,-920,-53,716],[8920,-15040,-1584,-1904,-1032,-154],[9200,-20092,-1880,5932,4424,-770],[9976,-9788,3164,-4475,-4214,-466],[7552,-12664,2012,-1211,1230,746],[7108,-12408,-2116,3930,7486,-10610],[1992,-18104,-15904,-12075,17467,26704],[-4432,2652,-14868,2830,7552,-2128],[8680,356,-16472,256,6366,-2773],[6188,-1808,-17052,-467,-1037,-357],[5632,-684,-16896,-794,399,299],[5684,-940,-16556,-784,620,116],[5404,-1144,-16788,-954,-716,53],[5720,-948,-16508,-713,-819,27],[5664,-664,-16752,-757,-409,70],[5564,-696,-16752,-783,-323,131] HTTP/1.1" 200 129 0.006025
2022-04-15 11:05:07,276 flask INFO 

2022-04-15 11:05:07,282 flask INFO 10.38.2.115 - - [2022-04-15 11:05:07] "GET /predict?testData=[9856,-13888,-2292,-904,-136,-170] HTTP/1.1" 200 129 0.006022
2022-04-15 11:05:14,213 flask INFO 

2022-04-15 11:05:14,217 flask INFO 10.38.2.115 - - [2022-04-15 11:05:14] "GET /predict?testData=[9856,-13888,-2292,-904,-136,-170] HTTP/1.1" 200 129 0.003973
2022-04-15 11:05:25,606 flask INFO 

2022-04-15 11:05:25,611 flask INFO 10.38.2.115 - - [2022-04-15 11:05:25] "GET /predict?testData=[9856,-13888,-2292,-904,-136,-170] HTTP/1.1" 200 129 0.004983
2022-04-15 11:06:16,689 flask INFO 

2022-04-15 11:06:16,702 flask INFO 10.38.2.115 - - [2022-04-15 11:06:16] "GET /predict?testData=[9856,-13888,-2292,-904,-136,-170] HTTP/1.1" 200 129 0.012594
2022-04-15 11:06:44,607 flask INFO 

2022-04-15 11:06:44,614 flask INFO 10.38.2.115 - - [2022-04-15 11:06:44] "GET /predict?testData=[9856,-13888,-2292,-904,-136,-170] HTTP/1.1" 200 129 0.006980
2022-04-15 11:07:11,389 flask INFO 

2022-04-15 11:07:11,396 flask INFO 10.38.2.115 - - [2022-04-15 11:07:11] "GET /predict?testData=[9856,-13888,-2292,-904,-136,-170] HTTP/1.1" 200 129 0.007407
2022-04-15 11:07:13,962 flask INFO 

2022-04-15 11:07:13,967 flask INFO 10.38.2.115 - - [2022-04-15 11:07:13] "GET /predict?testData=[9856,-13888,-2292,-904,-136,-170] HTTP/1.1" 200 129 0.006360
2022-04-15 11:08:00,677 flask INFO 

2022-04-15 11:08:00,682 flask INFO 收到预测请求

2022-04-15 11:08:00,717 flask INFO 10.38.2.115 - - [2022-04-15 11:08:00] "GET /predict?testData=[9856,-13888,-2292,-904,-136,-170] HTTP/1.1" 500 161 0.040249
2022-04-15 11:08:58,359 flask INFO 

2022-04-15 11:08:58,368 flask INFO 10.38.2.115 - - [2022-04-15 11:08:58] "GET /predict?testData=[9856,-13888,-2292,-904,-136,-170] HTTP/1.1" 200 129 0.009740
2022-04-15 11:09:33,941 flask INFO 

2022-04-15 11:09:33,948 flask INFO 10.38.2.115 - - [2022-04-15 11:09:33] "GET /predict?testData=[9856,-13888,-2292,-904,-136,-170] HTTP/1.1" 200 129 0.006981
2022-04-15 11:10:06,984 flask INFO 

2022-04-15 11:10:06,990 flask INFO 收到预测请求

2022-04-15 11:10:08,093 flask INFO 预测结果为：
2022-04-15 11:10:08,093 flask INFO 1
2022-04-15 11:10:08,093 flask INFO 

2022-04-15 11:10:08,094 flask INFO 10.38.2.115 - - [2022-04-15 11:10:08] "GET /predict?testData=[9856,-13888,-2292,-904,-136,-170] HTTP/1.1" 200 109 1.110884
2022-04-15 13:58:16,403 flask INFO 10.38.2.115 - - [2022-04-15 13:58:16] "GET /state HTTP/1.1" 200 116 0.000932
2022-04-15 13:58:16,758 flask INFO 10.38.2.115 - - [2022-04-15 13:58:16] "GET /favicon.ico HTTP/1.1" 404 356 0.000997
2022-04-15 13:58:26,416 flask INFO 

2022-04-15 13:58:26,461 flask INFO 收到预测请求

2022-04-15 13:58:27,719 flask INFO 预测结果为：
2022-04-15 13:58:27,720 flask INFO 1
2022-04-15 13:58:27,720 flask INFO 

2022-04-15 13:58:27,739 flask INFO 10.38.2.115 - - [2022-04-15 13:58:27] "GET /predict?testData=[9856,-13888,-2292,-904,-136,-170] HTTP/1.1" 200 109 1.323106
2022-04-15 13:58:31,942 flask INFO 10.38.2.115 - - [2022-04-15 13:58:31] "GET /state HTTP/1.1" 200 116 0.000810
2022-04-15 21:29:22,099 flask INFO 

2022-04-15 21:29:22,173 flask INFO 收到预测请求

2022-04-15 21:29:23,398 flask INFO 预测结果为：
2022-04-15 21:29:23,398 flask INFO 1
2022-04-15 21:29:23,398 flask INFO 

2022-04-15 21:29:23,477 flask INFO 10.38.2.115 - - [2022-04-15 21:29:23] "GET /predict?testData=[9856,-13888,-2292,-904,-136,-170] HTTP/1.1" 500 161 1.378176
2022-04-15 21:30:05,037 flask INFO 

2022-04-15 21:30:05,040 flask INFO 收到预测请求

2022-04-15 21:30:06,136 flask INFO 预测结果为：
2022-04-15 21:30:06,136 flask INFO 1
2022-04-15 21:30:06,136 flask INFO 

2022-04-15 21:30:06,141 flask INFO 10.38.2.115 - - [2022-04-15 21:30:06] "GET /predict?testData=[9856,-13888,-2292,-904,-136,-170] HTTP/1.1" 500 161 1.105390
2022-04-15 21:32:28,600 flask INFO 

2022-04-15 21:32:28,627 flask INFO 收到预测请求

2022-04-15 21:32:29,765 flask INFO 预测结果为：
2022-04-15 21:32:29,765 flask INFO 1
2022-04-15 21:32:29,765 flask INFO 

2022-04-15 21:32:29,772 flask INFO 10.38.2.115 - - [2022-04-15 21:32:29] "GET /predict?testData=[9856,-13888,-2292,-904,-136,-170] HTTP/1.1" 500 161 1.172975
2022-04-15 21:34:50,957 flask INFO 

2022-04-15 21:34:50,961 flask INFO 收到预测请求

2022-04-15 21:34:52,059 flask INFO 预测结果为：
2022-04-15 21:34:52,098 flask INFO 1
2022-04-15 21:34:52,098 flask INFO 

2022-04-15 21:34:52,103 flask INFO 10.38.2.115 - - [2022-04-15 21:34:52] "GET /predict?testData=[9856,-13888,-2292,-904,-136,-170] HTTP/1.1" 500 161 1.146076
2022-04-15 21:35:31,415 flask INFO 

2022-04-15 21:35:31,418 flask INFO 收到预测请求

2022-04-15 21:35:32,546 flask INFO 预测结果为：
2022-04-15 21:35:32,546 flask INFO 1
2022-04-15 21:35:32,546 flask INFO 

2022-04-15 21:35:32,563 flask INFO 10.38.2.115 - - [2022-04-15 21:35:32] "GET /predict?testData=[9856,-13888,-2292,-904,-136,-170] HTTP/1.1" 500 161 1.149007
2022-04-15 21:36:47,508 flask INFO 

2022-04-15 21:36:47,512 flask INFO 收到预测请求

2022-04-15 21:36:48,646 flask INFO 预测结果为：
2022-04-15 21:36:48,646 flask INFO 1
2022-04-15 21:36:48,646 flask INFO 

2022-04-15 21:36:48,660 flask INFO 10.38.2.115 - - [2022-04-15 21:36:48] "GET /predict?testData=[9856,-13888,-2292,-904,-136,-170] HTTP/1.1" 500 161 1.151586
2022-04-15 21:38:39,534 flask INFO 

2022-04-15 21:38:39,538 flask INFO 收到预测请求

2022-04-15 21:38:40,653 flask INFO 预测结果为：
2022-04-15 21:38:40,653 flask INFO 1
2022-04-15 21:38:40,653 flask INFO 

2022-04-15 21:38:40,662 flask INFO 10.38.2.115 - - [2022-04-15 21:38:40] "GET /predict?testData=[9856,-13888,-2292,-904,-136,-170] HTTP/1.1" 500 161 1.128243
2022-04-15 21:39:08,710 flask INFO 

2022-04-15 21:39:08,714 flask INFO 收到预测请求

2022-04-15 21:39:09,822 flask INFO 预测结果为：
2022-04-15 21:39:09,822 flask INFO 1
2022-04-15 21:39:09,822 flask INFO 

2022-04-15 21:39:09,825 flask INFO 10.38.2.115 - - [2022-04-15 21:39:09] "GET /predict?testData=[9856,-13888,-2292,-904,-136,-170] HTTP/1.1" 200 109 1.115520
2022-04-15 21:39:28,797 flask INFO 

2022-04-15 21:39:28,800 flask INFO 收到预测请求

2022-04-15 21:39:28,838 flask INFO 预测结果为：
2022-04-15 21:39:28,838 flask INFO 1
2022-04-15 21:39:28,838 flask INFO 

2022-04-15 21:39:28,840 flask INFO 10.38.2.115 - - [2022-04-15 21:39:28] "GET /predict?testData=[9856,-13888,-2292,-904,-136,-170] HTTP/1.1" 200 109 0.043638
2022-04-15 21:39:29,294 flask INFO 

2022-04-15 21:39:29,297 flask INFO 收到预测请求

2022-04-15 21:39:29,337 flask INFO 预测结果为：
2022-04-15 21:39:29,337 flask INFO 1
2022-04-15 21:39:29,337 flask INFO 

2022-04-15 21:39:29,339 flask INFO 10.38.2.115 - - [2022-04-15 21:39:29] "GET /predict?testData=[9856,-13888,-2292,-904,-136,-170] HTTP/1.1" 200 109 0.044879
2022-04-15 21:39:29,822 flask INFO 

2022-04-15 21:39:29,825 flask INFO 收到预测请求

2022-04-15 21:39:29,861 flask INFO 预测结果为：
2022-04-15 21:39:29,861 flask INFO 1
2022-04-15 21:39:29,861 flask INFO 

2022-04-15 21:39:29,864 flask INFO 10.38.2.115 - - [2022-04-15 21:39:29] "GET /predict?testData=[9856,-13888,-2292,-904,-136,-170] HTTP/1.1" 200 109 0.043016
2022-04-15 21:39:30,277 flask INFO 

2022-04-15 21:39:30,279 flask INFO 收到预测请求

2022-04-15 21:39:30,316 flask INFO 预测结果为：
2022-04-15 21:39:30,316 flask INFO 1
2022-04-15 21:39:30,317 flask INFO 

2022-04-15 21:39:30,319 flask INFO 10.38.2.115 - - [2022-04-15 21:39:30] "GET /predict?testData=[9856,-13888,-2292,-904,-136,-170] HTTP/1.1" 200 109 0.042268
2022-04-15 21:39:30,694 flask INFO 

2022-04-15 21:39:30,696 flask INFO 收到预测请求

2022-04-15 21:39:30,732 flask INFO 预测结果为：
2022-04-15 21:39:30,732 flask INFO 1
2022-04-15 21:39:30,732 flask INFO 

2022-04-15 21:39:30,734 flask INFO 10.38.2.115 - - [2022-04-15 21:39:30] "GET /predict?testData=[9856,-13888,-2292,-904,-136,-170] HTTP/1.1" 200 109 0.039668
2022-04-15 21:39:31,088 flask INFO 

2022-04-15 21:39:31,090 flask INFO 收到预测请求

2022-04-15 21:39:31,129 flask INFO 预测结果为：
2022-04-15 21:39:31,129 flask INFO 1
2022-04-15 21:39:31,129 flask INFO 

2022-04-15 21:39:31,132 flask INFO 10.38.2.115 - - [2022-04-15 21:39:31] "GET /predict?testData=[9856,-13888,-2292,-904,-136,-170] HTTP/1.1" 200 109 0.043288
2022-04-15 21:39:31,509 flask INFO 

2022-04-15 21:39:31,512 flask INFO 收到预测请求

2022-04-15 21:39:31,549 flask INFO 预测结果为：
2022-04-15 21:39:31,549 flask INFO 1
2022-04-15 21:39:31,549 flask INFO 

2022-04-15 21:39:31,552 flask INFO 10.38.2.115 - - [2022-04-15 21:39:31] "GET /predict?testData=[9856,-13888,-2292,-904,-136,-170] HTTP/1.1" 200 109 0.042967
2022-04-15 21:39:31,884 flask INFO 

2022-04-15 21:39:31,886 flask INFO 收到预测请求

2022-04-15 21:39:31,924 flask INFO 预测结果为：
2022-04-15 21:39:31,924 flask INFO 1
2022-04-15 21:39:31,924 flask INFO 

2022-04-15 21:39:31,926 flask INFO 10.38.2.115 - - [2022-04-15 21:39:31] "GET /predict?testData=[9856,-13888,-2292,-904,-136,-170] HTTP/1.1" 200 109 0.043340
2022-04-15 21:39:32,277 flask INFO 

2022-04-15 21:39:32,280 flask INFO 收到预测请求

2022-04-15 21:39:32,318 flask INFO 预测结果为：
2022-04-15 21:39:32,319 flask INFO 1
2022-04-15 21:39:32,319 flask INFO 

2022-04-15 21:39:32,321 flask INFO 10.38.2.115 - - [2022-04-15 21:39:32] "GET /predict?testData=[9856,-13888,-2292,-904,-136,-170] HTTP/1.1" 200 109 0.044062
2022-04-15 21:39:32,696 flask INFO 

2022-04-15 21:39:32,700 flask INFO 收到预测请求

2022-04-15 21:39:32,742 flask INFO 预测结果为：
2022-04-15 21:39:32,742 flask INFO 1
2022-04-15 21:39:32,742 flask INFO 

2022-04-15 21:39:32,744 flask INFO 10.38.2.115 - - [2022-04-15 21:39:32] "GET /predict?testData=[9856,-13888,-2292,-904,-136,-170] HTTP/1.1" 200 109 0.047871
2022-04-15 21:39:33,072 flask INFO 

2022-04-15 21:39:33,074 flask INFO 收到预测请求

2022-04-15 21:39:33,113 flask INFO 预测结果为：
2022-04-15 21:39:33,113 flask INFO 1
2022-04-15 21:39:33,113 flask INFO 

2022-04-15 21:39:33,116 flask INFO 10.38.2.115 - - [2022-04-15 21:39:33] "GET /predict?testData=[9856,-13888,-2292,-904,-136,-170] HTTP/1.1" 200 109 0.043875
2022-04-15 21:39:33,504 flask INFO 

2022-04-15 21:39:33,506 flask INFO 收到预测请求

2022-04-15 21:39:33,543 flask INFO 预测结果为：
2022-04-15 21:39:33,543 flask INFO 1
2022-04-15 21:39:33,543 flask INFO 

2022-04-15 21:39:33,545 flask INFO 10.38.2.115 - - [2022-04-15 21:39:33] "GET /predict?testData=[9856,-13888,-2292,-904,-136,-170] HTTP/1.1" 200 109 0.040498
2022-04-15 21:39:33,887 flask INFO 

2022-04-15 21:39:33,889 flask INFO 收到预测请求

2022-04-15 21:39:33,925 flask INFO 预测结果为：
2022-04-15 21:39:33,925 flask INFO 1
2022-04-15 21:39:33,926 flask INFO 

2022-04-15 21:39:33,929 flask INFO 10.38.2.115 - - [2022-04-15 21:39:33] "GET /predict?testData=[9856,-13888,-2292,-904,-136,-170] HTTP/1.1" 200 109 0.041970
2022-04-15 21:39:34,257 flask INFO 

2022-04-15 21:39:34,260 flask INFO 收到预测请求

2022-04-15 21:39:34,300 flask INFO 预测结果为：
2022-04-15 21:39:34,300 flask INFO 1
2022-04-15 21:39:34,300 flask INFO 

2022-04-15 21:39:34,302 flask INFO 10.38.2.115 - - [2022-04-15 21:39:34] "GET /predict?testData=[9856,-13888,-2292,-904,-136,-170] HTTP/1.1" 200 109 0.044879
2022-04-15 21:39:34,623 flask INFO 

2022-04-15 21:39:34,625 flask INFO 收到预测请求

2022-04-15 21:39:34,660 flask INFO 预测结果为：
2022-04-15 21:39:34,660 flask INFO 1
2022-04-15 21:39:34,660 flask INFO 

2022-04-15 21:39:34,663 flask INFO 10.38.2.115 - - [2022-04-15 21:39:34] "GET /predict?testData=[9856,-13888,-2292,-904,-136,-170] HTTP/1.1" 200 109 0.040344
2022-04-15 21:39:35,024 flask INFO 

2022-04-15 21:39:35,027 flask INFO 收到预测请求

2022-04-15 21:39:35,062 flask INFO 预测结果为：
2022-04-15 21:39:35,062 flask INFO 1
2022-04-15 21:39:35,062 flask INFO 

2022-04-15 21:39:35,065 flask INFO 10.38.2.115 - - [2022-04-15 21:39:35] "GET /predict?testData=[9856,-13888,-2292,-904,-136,-170] HTTP/1.1" 200 109 0.041443
2022-04-15 21:39:35,397 flask INFO 

2022-04-15 21:39:35,399 flask INFO 收到预测请求

2022-04-15 21:39:35,435 flask INFO 预测结果为：
2022-04-15 21:39:35,435 flask INFO 1
2022-04-15 21:39:35,435 flask INFO 

2022-04-15 21:39:35,437 flask INFO 10.38.2.115 - - [2022-04-15 21:39:35] "GET /predict?testData=[9856,-13888,-2292,-904,-136,-170] HTTP/1.1" 200 109 0.039996
2022-04-15 21:39:35,745 flask INFO 

2022-04-15 21:39:35,747 flask INFO 收到预测请求

2022-04-15 21:39:35,782 flask INFO 预测结果为：
2022-04-15 21:39:35,782 flask INFO 1
2022-04-15 21:39:35,782 flask INFO 

2022-04-15 21:39:35,785 flask INFO 10.38.2.115 - - [2022-04-15 21:39:35] "GET /predict?testData=[9856,-13888,-2292,-904,-136,-170] HTTP/1.1" 200 109 0.040815
2022-04-15 21:39:36,117 flask INFO 

2022-04-15 21:39:36,120 flask INFO 收到预测请求

2022-04-15 21:39:36,158 flask INFO 预测结果为：
2022-04-15 21:39:36,158 flask INFO 1
2022-04-15 21:39:36,158 flask INFO 

2022-04-15 21:39:36,160 flask INFO 10.38.2.115 - - [2022-04-15 21:39:36] "GET /predict?testData=[9856,-13888,-2292,-904,-136,-170] HTTP/1.1" 200 109 0.042886
2022-04-15 21:39:44,207 flask INFO 

2022-04-15 21:39:44,209 flask INFO 收到预测请求

2022-04-15 21:39:44,244 flask INFO 预测结果为：
2022-04-15 21:39:44,244 flask INFO 1
2022-04-15 21:39:44,244 flask INFO 

2022-04-15 21:39:44,247 flask INFO 10.38.2.115 - - [2022-04-15 21:39:44] "GET /predict?testData=[9856,-13888,-2292,-904,-136,-170] HTTP/1.1" 200 109 0.039858
2022-04-15 21:40:50,418 flask INFO 

2022-04-15 21:40:50,422 flask INFO 收到预测请求

2022-04-15 21:40:51,527 flask INFO 预测结果为：
2022-04-15 21:40:51,527 flask INFO 1
2022-04-15 21:40:51,528 flask INFO 

2022-04-15 21:40:51,534 flask INFO 10.38.2.115 - - [2022-04-15 21:40:51] "GET /predict?testData=[9856,-13888,-2292,-904,-136,-170] HTTP/1.1" 500 161 1.116287
2022-04-15 21:41:30,048 flask INFO 

2022-04-15 21:41:30,051 flask INFO 收到预测请求

2022-04-15 21:41:31,149 flask INFO 预测结果为：
2022-04-15 21:41:31,149 flask INFO 1
2022-04-15 21:41:31,149 flask INFO 

2022-04-15 21:41:31,153 flask INFO 10.38.2.115 - - [2022-04-15 21:41:31] "GET /predict?testData=[9856,-13888,-2292,-904,-136,-170] HTTP/1.1" 200 109 1.105314
2022-04-15 21:41:56,171 flask INFO 

2022-04-15 21:41:56,175 flask INFO 收到预测请求

2022-04-15 21:41:57,292 flask INFO 预测结果为：
2022-04-15 21:41:57,292 flask INFO 1
2022-04-15 21:41:57,292 flask INFO 

2022-04-15 21:41:57,296 flask INFO 10.38.2.115 - - [2022-04-15 21:41:57] "GET /predict?testData=[9856,-13888,-2292,-904,-136,-170] HTTP/1.1" 200 109 1.124788
2022-04-15 21:42:39,209 flask INFO 

2022-04-15 21:42:39,211 flask INFO 收到预测请求

2022-04-15 21:42:39,249 flask INFO 预测结果为：
2022-04-15 21:42:39,249 flask INFO 1
2022-04-15 21:42:39,249 flask INFO 

2022-04-15 21:42:39,253 flask INFO 10.38.2.115 - - [2022-04-15 21:42:39] "GET /predict?testData=[9856,-13888,-2292,-904,-136,-170] HTTP/1.1" 200 109 0.043882
2022-04-15 21:48:10,233 flask INFO 10.38.2.115 - - [2022-04-15 21:48:10] "GET /state HTTP/1.1" 500 161 0.003988
2022-04-15 21:50:01,780 flask INFO 10.38.2.115 - - [2022-04-15 21:50:01] "GET /state HTTP/1.1" 500 161 0.002996
2022-04-15 21:50:37,298 flask INFO 10.38.2.115 - - [2022-04-15 21:50:37] "GET /state HTTP/1.1" 500 161 0.004425
2022-04-15 21:51:17,376 flask INFO 10.38.2.115 - - [2022-04-15 21:51:17] "GET /state HTTP/1.1" 200 116 0.002991
2022-04-15 21:52:55,564 flask INFO 10.38.2.115 - - [2022-04-15 21:52:55] "GET /state HTTP/1.1" 200 116 0.002860
2022-04-15 21:53:04,815 flask INFO 

2022-04-15 21:53:04,838 flask INFO 收到预测请求

2022-04-15 21:53:06,042 flask INFO 预测结果为：
2022-04-15 21:53:06,042 flask INFO 1
2022-04-15 21:53:06,042 flask INFO 

2022-04-15 21:53:06,052 flask INFO 10.38.2.115 - - [2022-04-15 21:53:06] "GET /predict?testData=[9856,-13888,-2292,-904,-136,-170] HTTP/1.1" 200 109 1.235602
2022-04-15 21:53:41,377 flask INFO 10.38.2.115 - - [2022-04-15 21:53:41] "GET /state HTTP/1.1" 200 116 0.004015
2022-04-16 09:57:22,691 flask INFO 127.0.0.1 - - [2022-04-16 09:57:22] "GET / HTTP/1.1" 200 153 0.001246
2022-04-16 09:57:23,039 flask INFO 127.0.0.1 - - [2022-04-16 09:57:23] "GET /favicon.ico HTTP/1.1" 404 356 0.000000
2022-04-16 09:57:33,184 flask INFO 127.0.0.1 - - [2022-04-16 09:57:33] "GET /state HTTP/1.1" 200 116 0.011528
2022-04-16 09:57:56,622 flask INFO 127.0.0.1 - - [2022-04-16 09:57:56] "GET /state HTTP/1.1" 200 116 0.002992
2022-04-16 09:57:58,012 flask INFO 127.0.0.1 - - [2022-04-16 09:57:58] "GET /state HTTP/1.1" 200 116 0.002552
2022-04-16 09:58:01,884 flask INFO 127.0.0.1 - - [2022-04-16 09:58:01] "GET /state HTTP/1.1" 200 116 0.002653
2022-04-16 09:58:02,378 flask INFO 127.0.0.1 - - [2022-04-16 09:58:02] "GET /state HTTP/1.1" 200 116 0.002460
2022-04-16 09:58:23,189 flask INFO 127.0.0.1 - - [2022-04-16 09:58:23] "GET /state HTTP/1.1" 200 116 0.002036
2022-04-16 09:58:31,165 flask INFO 127.0.0.1 - - [2022-04-16 09:58:31] "GET /state HTTP/1.1" 200 116 0.002760
2022-04-16 15:39:36,908 flask INFO 10.38.2.115 - - [2022-04-16 15:39:36] "GET /state HTTP/1.1" 200 116 0.009972
2022-04-16 15:39:37,221 flask INFO 10.38.2.115 - - [2022-04-16 15:39:37] "GET /favicon.ico HTTP/1.1" 404 356 0.001057
2022-04-16 15:39:43,932 flask INFO 10.38.2.115 - - [2022-04-16 15:39:43] "GET / HTTP/1.1" 200 153 0.000000
2022-05-06 13:54:09,304 flask INFO 127.0.0.1 - - [2022-05-06 13:54:09] "GET / HTTP/1.1" 200 153 0.000997
2022-05-06 13:54:09,675 flask INFO 127.0.0.1 - - [2022-05-06 13:54:09] "GET /favicon.ico HTTP/1.1" 404 356 0.000000
2022-05-06 13:54:13,369 flask INFO 

2022-05-06 13:54:13,369 flask INFO 127.0.0.1 - - [2022-05-06 13:54:13] "GET /gps HTTP/1.1" 200 149 0.000422
2022-05-06 13:55:22,611 flask INFO 

2022-05-06 13:55:22,612 flask INFO 127.0.0.1 - - [2022-05-06 13:55:22] "GET /gps HTTP/1.1" 200 149 0.000850
2022-05-06 13:56:00,123 flask INFO 

2022-05-06 13:56:00,123 flask INFO 127.0.0.1 - - [2022-05-06 13:56:00] "GET /gps?lon=0,lat=0 HTTP/1.1" 200 149 0.001521
2022-05-06 13:57:14,736 flask INFO 127.0.0.1 - - [2022-05-06 13:57:14] "GET /?lat=0&lon=0 HTTP/1.1" 200 153 0.000000
2022-05-06 13:57:22,534 flask INFO 

2022-05-06 13:57:22,535 flask INFO 127.0.0.1 - - [2022-05-06 13:57:22] "GET /gps?lat=0&lon=0 HTTP/1.1" 200 149 0.000820
2022-05-06 13:59:04,481 flask INFO 

2022-05-06 13:59:04,482 flask INFO 127.0.0.1 - - [2022-05-06 13:59:04] "GET /gps?lat=0&lon=0 HTTP/1.1" 200 149 0.001110
2022-05-06 14:00:32,165 flask INFO 

2022-05-06 14:00:32,166 flask INFO 127.0.0.1 - - [2022-05-06 14:00:32] "GET /gps?lat=0&lon=0 HTTP/1.1" 200 149 0.001449
2022-05-06 14:00:40,433 flask INFO 

2022-05-06 14:00:40,437 flask INFO 127.0.0.1 - - [2022-05-06 14:00:40] "GET /gps HTTP/1.1" 500 161 0.004452
2022-05-06 14:02:14,065 flask INFO 

2022-05-06 14:02:14,066 flask INFO 127.0.0.1 - - [2022-05-06 14:02:14] "GET /gps HTTP/1.1" 200 140 0.000999
2022-05-06 14:02:47,934 flask INFO 

2022-05-06 14:02:47,936 flask INFO 127.0.0.1 - - [2022-05-06 14:02:47] "GET /gps?lat=39.916527&lon=116.397128 HTTP/1.1" 200 149 0.001050
2022-05-06 14:02:52,551 flask INFO 

2022-05-06 14:02:52,552 flask INFO 127.0.0.1 - - [2022-05-06 14:02:52] "GET /gps HTTP/1.1" 200 153 0.000997
2022-05-06 14:02:54,738 flask INFO 

2022-05-06 14:02:54,739 flask INFO 127.0.0.1 - - [2022-05-06 14:02:54] "GET /gps HTTP/1.1" 200 153 0.000873
2022-05-06 14:02:55,297 flask INFO 

2022-05-06 14:02:55,301 flask INFO 127.0.0.1 - - [2022-05-06 14:02:55] "GET /gps HTTP/1.1" 200 153 0.004508
2022-05-12 13:18:54,832 flask INFO 127.0.0.1 - - [2022-05-12 13:18:54] "GET / HTTP/1.1" 200 153 0.000425
2022-05-12 13:18:55,224 flask INFO 127.0.0.1 - - [2022-05-12 13:18:55] "GET /favicon.ico HTTP/1.1" 404 356 0.000996
2022-05-12 13:24:18,779 flask INFO 127.0.0.1 - - [2022-05-12 13:24:18] "GET / HTTP/1.1" 404 356 0.011252
2022-05-12 13:24:48,696 flask INFO 127.0.0.1 - - [2022-05-12 13:24:48] "GET / HTTP/1.1" 200 153 0.000000
2022-05-12 13:24:54,193 flask INFO 127.0.0.1 - - [2022-05-12 13:24:54] "GET /state HTTP/1.1" 200 116 0.033317
2022-05-12 13:26:57,836 flask INFO 127.0.0.1 - - [2022-05-12 13:26:57] "GET /state HTTP/1.1" 200 116 0.002996
2022-05-20 13:19:12,512 flask INFO 127.0.0.1 - - [2022-05-20 13:19:12] "GET / HTTP/1.1" 500 161 0.007019
2022-05-20 13:19:12,900 flask INFO 127.0.0.1 - - [2022-05-20 13:19:12] "GET /favicon.ico HTTP/1.1" 404 356 0.000000
2022-05-20 13:20:44,728 flask INFO 127.0.0.1 - - [2022-05-20 13:20:44] "GET / HTTP/1.1" 200 49493 0.006981
2022-05-20 21:30:51,376 flask INFO 127.0.0.1 - - [2022-05-20 21:30:51] "GET / HTTP/1.1" 200 49572 0.007984
2022-05-20 21:30:51,476 flask INFO 127.0.0.1 - - [2022-05-20 21:30:51] "GET /image/logo.png HTTP/1.1" 404 356 0.000997
2022-05-20 21:30:51,991 flask INFO 127.0.0.1 - - [2022-05-20 21:30:51] "GET /favicon.ico HTTP/1.1" 404 356 0.000000
2022-05-20 21:35:16,619 flask INFO 127.0.0.1 - - [2022-05-20 21:35:16] "GET / HTTP/1.1" 200 49576 0.009605
2022-05-20 21:35:16,648 flask INFO 127.0.0.1 - - [2022-05-20 21:35:16] "GET /image/logo_zip.png HTTP/1.1" 404 356 0.000998
2022-05-20 21:35:18,227 flask INFO 127.0.0.1 - - [2022-05-20 21:35:18] "GET / HTTP/1.1" 200 49576 0.000995
2022-05-20 21:35:18,253 flask INFO 127.0.0.1 - - [2022-05-20 21:35:18] "GET /image/logo_zip.png HTTP/1.1" 404 356 0.000519
2022-05-20 21:37:00,245 flask INFO 127.0.0.1 - - [2022-05-20 21:37:00] "GET / HTTP/1.1" 500 161 0.043168
2022-05-20 21:37:01,629 flask INFO 127.0.0.1 - - [2022-05-20 21:37:01] "GET / HTTP/1.1" 500 161 0.025857
2022-05-20 21:37:19,252 flask INFO 127.0.0.1 - - [2022-05-20 21:37:19] "GET / HTTP/1.1" 500 161 0.027939
2022-05-20 21:37:49,307 flask INFO 127.0.0.1 - - [2022-05-20 21:37:49] "GET / HTTP/1.1" 200 1222288 0.162657
2022-05-20 21:37:51,873 flask INFO 127.0.0.1 - - [2022-05-20 21:37:51] "GET / HTTP/1.1" 200 1222288 0.004984
2022-05-20 21:37:52,536 flask INFO 127.0.0.1 - - [2022-05-20 21:37:52] "GET / HTTP/1.1" 200 1222288 0.002993
2022-05-20 21:38:26,638 flask INFO 127.0.0.1 - - [2022-05-20 21:38:26] "GET / HTTP/1.1" 200 49576 0.011367
2022-05-20 21:38:26,682 flask INFO 127.0.0.1 - - [2022-05-20 21:38:26] "GET /image/logo_zip.png HTTP/1.1" 404 356 0.000998
2022-05-20 21:38:27,754 flask INFO 127.0.0.1 - - [2022-05-20 21:38:27] "GET / HTTP/1.1" 200 49576 0.000000
2022-05-20 21:38:27,777 flask INFO 127.0.0.1 - - [2022-05-20 21:38:27] "GET /image/logo_zip.png HTTP/1.1" 404 356 0.000997
2022-05-20 21:41:49,647 flask INFO 127.0.0.1 - - [2022-05-20 21:41:49] "GET / HTTP/1.1" 200 49555 0.006987
2022-05-20 21:42:31,227 flask INFO 127.0.0.1 - - [2022-05-20 21:42:31] "GET / HTTP/1.1" 200 49573 0.006982
2022-05-20 21:42:31,259 flask INFO 127.0.0.1 - - [2022-05-20 21:42:31] "GET /image/logo_zip.png HTTP/1.1" 404 356 0.001012
2022-05-20 21:42:42,246 flask INFO 127.0.0.1 - - [2022-05-20 21:42:42] "GET / HTTP/1.1" 200 49573 0.000000
2022-05-20 21:42:42,273 flask INFO 127.0.0.1 - - [2022-05-20 21:42:42] "GET /image/logo_zip.png HTTP/1.1" 404 356 0.000000
2022-05-20 21:42:42,880 flask INFO 127.0.0.1 - - [2022-05-20 21:42:42] "GET / HTTP/1.1" 200 49573 0.000000
2022-05-20 21:42:42,902 flask INFO 127.0.0.1 - - [2022-05-20 21:42:42] "GET /image/logo_zip.png HTTP/1.1" 404 356 0.000999
2022-05-20 21:45:07,311 flask INFO 127.0.0.1 - - [2022-05-20 21:45:07] "GET / HTTP/1.1" 500 161 0.011553
2022-05-20 21:45:09,083 flask INFO 127.0.0.1 - - [2022-05-20 21:45:09] "GET / HTTP/1.1" 500 161 0.002022
2022-05-20 21:47:05,925 flask INFO 127.0.0.1 - - [2022-05-20 21:47:05] "GET / HTTP/1.1" 500 161 0.002992
2022-05-20 21:47:15,802 flask INFO 127.0.0.1 - - [2022-05-20 21:47:15] "GET / HTTP/1.1" 500 161 0.002024
2022-05-20 21:52:23,947 flask INFO 127.0.0.1 - - [2022-05-20 21:52:23] "GET / HTTP/1.1" 200 49672 0.007978
